mode: atomic
github.com/ripple-mq/ripple-server/main.go:5.13,7.2 1 0
github.com/ripple-mq/ripple-server/internal/broker/queue/queue.go:9.34,13.2 1 0
github.com/ripple-mq/ripple-server/internal/broker/queue/queue.go:15.34,17.2 1 0
github.com/ripple-mq/ripple-server/internal/broker/queue/queue.go:19.53,21.2 1 0
github.com/ripple-mq/ripple-server/pkg/p2p/encoder/default_encoder.go:13.61,17.2 3 0
github.com/ripple-mq/ripple-server/pkg/p2p/encoder/default_encoder.go:19.60,22.2 2 0
github.com/ripple-mq/ripple-server/internal/broker/queue/server/consumer/core.go:14.56,15.12 1 0
github.com/ripple-mq/ripple-server/internal/broker/queue/server/consumer/core.go:15.12,16.7 1 0
github.com/ripple-mq/ripple-server/internal/broker/queue/server/consumer/core.go:16.7,19.18 3 0
github.com/ripple-mq/ripple-server/internal/broker/queue/server/consumer/core.go:19.18,20.13 1 0
github.com/ripple-mq/ripple-server/internal/broker/queue/server/consumer/core.go:22.4,22.44 1 0
github.com/ripple-mq/ripple-server/internal/broker/queue/server/consumer/core.go:28.81,34.6 5 0
github.com/ripple-mq/ripple-server/internal/broker/queue/server/consumer/core.go:34.6,36.25 2 0
github.com/ripple-mq/ripple-server/internal/broker/queue/server/consumer/core.go:36.25,37.12 1 0
github.com/ripple-mq/ripple-server/internal/broker/queue/server/consumer/core.go:39.3,39.73 1 0
github.com/ripple-mq/ripple-server/internal/broker/queue/server/consumer/core.go:39.73,41.4 1 0
github.com/ripple-mq/ripple-server/internal/broker/queue/server/consumer/core.go:42.3,42.26 1 0
github.com/ripple-mq/ripple-server/internal/broker/queue/server/consumer/core.go:46.52,49.16 3 0
github.com/ripple-mq/ripple-server/internal/broker/queue/server/consumer/core.go:49.16,51.3 1 0
github.com/ripple-mq/ripple-server/internal/broker/queue/server/consumer/core.go:52.2,53.22 2 0
github.com/ripple-mq/ripple-server/internal/broker/queue/server/consumer/core.go:56.34,59.2 2 0
github.com/ripple-mq/ripple-server/internal/broker/queue/server/consumer/core.go:61.49,63.2 1 0
github.com/ripple-mq/ripple-server/internal/broker/queue/server/consumer/server.go:25.91,27.16 2 0
github.com/ripple-mq/ripple-server/internal/broker/queue/server/consumer/server.go:27.16,29.3 1 0
github.com/ripple-mq/ripple-server/internal/broker/queue/server/consumer/server.go:31.2,35.8 1 0
github.com/ripple-mq/ripple-server/internal/broker/queue/server/consumer/server.go:38.44,42.2 3 0
github.com/ripple-mq/ripple-server/internal/broker/queue/server/consumer/server.go:44.36,45.40 1 0
github.com/ripple-mq/ripple-server/internal/broker/queue/server/consumer/server.go:45.40,47.3 1 0
github.com/ripple-mq/ripple-server/pkg/p2p/peer/tcp_peer.go:9.41,11.2 1 0
github.com/ripple-mq/ripple-server/pkg/p2p/peer/tcp_peer.go:13.44,15.2 1 0
github.com/ripple-mq/ripple-server/pkg/p2p/peer/tcp_peer.go:17.33,19.2 1 0
github.com/ripple-mq/ripple-server/internal/lighthouse/utils/encoding.go:8.31,13.2 4 0
github.com/ripple-mq/ripple-server/internal/lighthouse/election.go:25.34,27.2 1 0
github.com/ripple-mq/ripple-server/internal/lighthouse/election.go:29.36,31.2 1 0
github.com/ripple-mq/ripple-server/internal/lighthouse/election.go:33.36,36.2 2 0
github.com/ripple-mq/ripple-server/internal/lighthouse/election.go:38.34,40.18 2 0
github.com/ripple-mq/ripple-server/internal/lighthouse/election.go:40.18,42.3 1 0
github.com/ripple-mq/ripple-server/internal/lighthouse/election.go:43.2,43.13 1 0
github.com/ripple-mq/ripple-server/internal/lighthouse/election.go:46.34,48.18 2 0
github.com/ripple-mq/ripple-server/internal/lighthouse/election.go:48.18,50.3 1 0
github.com/ripple-mq/ripple-server/internal/lighthouse/election.go:51.2,51.13 1 0
github.com/ripple-mq/ripple-server/internal/lighthouse/election.go:54.65,56.2 1 0
github.com/ripple-mq/ripple-server/internal/lighthouse/election.go:58.63,60.2 1 0
github.com/ripple-mq/ripple-server/internal/lighthouse/election.go:62.61,64.16 2 0
github.com/ripple-mq/ripple-server/internal/lighthouse/election.go:64.16,66.3 1 0
github.com/ripple-mq/ripple-server/internal/lighthouse/election.go:68.2,68.43 1 0
github.com/ripple-mq/ripple-server/internal/lighthouse/election.go:68.43,72.3 3 0
github.com/ripple-mq/ripple-server/internal/lighthouse/election.go:74.2,74.56 1 0
github.com/ripple-mq/ripple-server/internal/lighthouse/election.go:74.56,77.3 2 0
github.com/ripple-mq/ripple-server/internal/lighthouse/election.go:77.8,79.3 1 0
github.com/ripple-mq/ripple-server/internal/lighthouse/election.go:81.2,81.12 1 0
github.com/ripple-mq/ripple-server/internal/lighthouse/election.go:84.58,85.6 1 0
github.com/ripple-mq/ripple-server/internal/lighthouse/election.go:85.6,87.17 2 0
github.com/ripple-mq/ripple-server/internal/lighthouse/election.go:87.17,90.4 2 0
github.com/ripple-mq/ripple-server/internal/lighthouse/election.go:91.3,91.24 1 0
github.com/ripple-mq/ripple-server/internal/lighthouse/election.go:91.24,94.4 2 0
github.com/ripple-mq/ripple-server/internal/lighthouse/election.go:96.3,99.17 4 0
github.com/ripple-mq/ripple-server/internal/lighthouse/election.go:99.17,102.4 2 0
github.com/ripple-mq/ripple-server/internal/lighthouse/lighthouse.go:19.43,20.31 1 0
github.com/ripple-mq/ripple-server/internal/lighthouse/lighthouse.go:20.31,22.3 1 0
github.com/ripple-mq/ripple-server/internal/lighthouse/lighthouse.go:23.2,25.32 3 0
github.com/ripple-mq/ripple-server/internal/lighthouse/lighthouse.go:28.32,29.59 1 0
github.com/ripple-mq/ripple-server/internal/lighthouse/lighthouse.go:29.59,31.3 1 0
github.com/ripple-mq/ripple-server/internal/lighthouse/lighthouse.go:32.2,33.16 2 0
github.com/ripple-mq/ripple-server/internal/lighthouse/lighthouse.go:33.16,35.3 1 0
github.com/ripple-mq/ripple-server/internal/lighthouse/lighthouse.go:36.2,37.15 2 0
github.com/ripple-mq/ripple-server/internal/lighthouse/lighthouse.go:40.58,42.21 2 0
github.com/ripple-mq/ripple-server/internal/lighthouse/lighthouse.go:42.21,44.3 1 0
github.com/ripple-mq/ripple-server/internal/lighthouse/lighthouse.go:46.2,47.29 2 0
github.com/ripple-mq/ripple-server/internal/lighthouse/lighthouse.go:47.29,48.17 1 0
github.com/ripple-mq/ripple-server/internal/lighthouse/lighthouse.go:48.17,49.12 1 0
github.com/ripple-mq/ripple-server/internal/lighthouse/lighthouse.go:51.3,54.17 3 0
github.com/ripple-mq/ripple-server/internal/lighthouse/lighthouse.go:54.17,56.4 1 0
github.com/ripple-mq/ripple-server/internal/lighthouse/lighthouse.go:58.3,58.14 1 0
github.com/ripple-mq/ripple-server/internal/lighthouse/lighthouse.go:58.14,60.45 2 0
github.com/ripple-mq/ripple-server/internal/lighthouse/lighthouse.go:60.45,62.5 1 0
github.com/ripple-mq/ripple-server/internal/lighthouse/lighthouse.go:65.2,65.12 1 0
github.com/ripple-mq/ripple-server/internal/lighthouse/lighthouse.go:68.75,70.16 2 0
github.com/ripple-mq/ripple-server/internal/lighthouse/lighthouse.go:70.16,73.3 2 0
github.com/ripple-mq/ripple-server/internal/lighthouse/lighthouse.go:74.2,75.16 2 0
github.com/ripple-mq/ripple-server/internal/lighthouse/lighthouse.go:75.16,77.3 1 0
github.com/ripple-mq/ripple-server/internal/lighthouse/lighthouse.go:78.2,79.84 2 0
github.com/ripple-mq/ripple-server/internal/lighthouse/lighthouse.go:82.54,84.16 2 0
github.com/ripple-mq/ripple-server/internal/lighthouse/lighthouse.go:84.16,86.3 1 0
github.com/ripple-mq/ripple-server/internal/lighthouse/lighthouse.go:87.2,88.16 2 0
github.com/ripple-mq/ripple-server/internal/lighthouse/lighthouse.go:88.16,90.3 1 0
github.com/ripple-mq/ripple-server/internal/lighthouse/lighthouse.go:91.2,91.18 1 0
github.com/ripple-mq/ripple-server/internal/lighthouse/lighthouse.go:94.58,96.16 2 0
github.com/ripple-mq/ripple-server/internal/lighthouse/lighthouse.go:96.16,98.3 1 0
github.com/ripple-mq/ripple-server/internal/lighthouse/lighthouse.go:100.2,101.16 2 0
github.com/ripple-mq/ripple-server/internal/lighthouse/lighthouse.go:101.16,103.3 1 0
github.com/ripple-mq/ripple-server/pkg/utils/rand.go:13.29,16.2 2 0
github.com/ripple-mq/ripple-server/internal/broker/queue/server/producer/core.go:11.52,12.12 1 0
github.com/ripple-mq/ripple-server/internal/broker/queue/server/producer/core.go:12.12,13.7 1 0
github.com/ripple-mq/ripple-server/internal/broker/queue/server/producer/core.go:13.7,16.18 3 0
github.com/ripple-mq/ripple-server/internal/broker/queue/server/producer/core.go:16.18,18.5 1 0
github.com/ripple-mq/ripple-server/internal/broker/queue/server/producer/core.go:19.4,19.18 1 0
github.com/ripple-mq/ripple-server/internal/broker/queue/server/producer/core.go:24.53,27.16 3 0
github.com/ripple-mq/ripple-server/internal/broker/queue/server/producer/core.go:27.16,29.3 1 0
github.com/ripple-mq/ripple-server/internal/broker/queue/server/producer/core.go:30.2,30.61 1 0
github.com/ripple-mq/ripple-server/internal/broker/queue/server/producer/server.go:17.91,19.16 2 0
github.com/ripple-mq/ripple-server/internal/broker/queue/server/producer/server.go:19.16,21.3 1 0
github.com/ripple-mq/ripple-server/internal/broker/queue/server/producer/server.go:23.2,27.8 1 0
github.com/ripple-mq/ripple-server/internal/broker/queue/server/producer/server.go:30.44,34.2 3 0
github.com/ripple-mq/ripple-server/internal/broker/queue/server/producer/server.go:36.36,37.40 1 0
github.com/ripple-mq/ripple-server/internal/broker/queue/server/producer/server.go:37.40,39.3 1 0
github.com/ripple-mq/ripple-server/pkg/utils/log/log.go:7.16,12.2 4 0
github.com/ripple-mq/ripple-server/pkg/utils/collection/concurrent_list.go:13.52,17.2 1 0
github.com/ripple-mq/ripple-server/pkg/utils/collection/concurrent_list.go:19.55,22.26 3 0
github.com/ripple-mq/ripple-server/pkg/utils/collection/concurrent_list.go:22.26,25.3 2 0
github.com/ripple-mq/ripple-server/pkg/utils/collection/concurrent_list.go:26.2,26.27 1 0
github.com/ripple-mq/ripple-server/pkg/utils/collection/concurrent_list.go:29.59,32.26 3 0
github.com/ripple-mq/ripple-server/pkg/utils/collection/concurrent_list.go:32.26,34.3 1 0
github.com/ripple-mq/ripple-server/pkg/utils/collection/concurrent_list.go:35.2,36.12 2 0
github.com/ripple-mq/ripple-server/pkg/utils/collection/concurrent_list.go:39.45,43.2 3 0
github.com/ripple-mq/ripple-server/pkg/utils/collection/concurrent_list.go:45.40,49.2 3 0
github.com/ripple-mq/ripple-server/pkg/utils/collection/concurrent_list.go:51.59,56.18 5 0
github.com/ripple-mq/ripple-server/pkg/utils/collection/concurrent_list.go:56.18,58.3 1 0
github.com/ripple-mq/ripple-server/pkg/utils/collection/concurrent_list.go:59.2,60.13 2 0
github.com/ripple-mq/ripple-server/pkg/utils/collection/concurrent_map.go:13.67,18.2 1 0
github.com/ripple-mq/ripple-server/pkg/utils/collection/concurrent_map.go:20.53,23.29 3 0
github.com/ripple-mq/ripple-server/pkg/utils/collection/concurrent_map.go:23.29,26.3 2 0
github.com/ripple-mq/ripple-server/pkg/utils/collection/concurrent_map.go:27.2,27.23 1 0
github.com/ripple-mq/ripple-server/pkg/utils/collection/concurrent_map.go:30.51,34.2 3 0
github.com/ripple-mq/ripple-server/pkg/utils/collection/concurrent_map.go:36.56,39.29 3 0
github.com/ripple-mq/ripple-server/pkg/utils/collection/concurrent_map.go:39.29,42.3 2 0
github.com/ripple-mq/ripple-server/pkg/utils/collection/concurrent_map.go:43.2,45.17 3 0
github.com/ripple-mq/ripple-server/pkg/utils/collection/concurrent_map.go:48.44,52.25 4 0
github.com/ripple-mq/ripple-server/pkg/utils/collection/concurrent_map.go:52.25,54.3 1 0
github.com/ripple-mq/ripple-server/pkg/utils/collection/concurrent_map.go:55.2,55.16 1 0
github.com/ripple-mq/ripple-server/pkg/utils/collection/cooncurrent_value.go:12.61,17.2 1 0
github.com/ripple-mq/ripple-server/pkg/utils/collection/cooncurrent_value.go:19.38,23.2 3 0
github.com/ripple-mq/ripple-server/pkg/utils/collection/cooncurrent_value.go:25.43,29.2 3 0
github.com/ripple-mq/ripple-server/pkg/utils/config/config.go:17.47,23.45 5 0
github.com/ripple-mq/ripple-server/pkg/utils/config/config.go:23.45,25.3 1 0
github.com/ripple-mq/ripple-server/pkg/utils/config/config.go:27.2,28.49 2 0
github.com/ripple-mq/ripple-server/pkg/utils/config/config.go:28.49,30.3 1 0
github.com/ripple-mq/ripple-server/pkg/utils/config/config.go:32.2,32.21 1 0
github.com/ripple-mq/ripple-server/server/server.go:15.52,20.2 3 0
github.com/ripple-mq/ripple-server/server/server.go:22.27,24.16 2 0
github.com/ripple-mq/ripple-server/server/server.go:24.16,26.3 1 0
github.com/ripple-mq/ripple-server/server/server.go:27.2,28.16 2 0
github.com/ripple-mq/ripple-server/server/server.go:28.16,30.3 1 0
github.com/ripple-mq/ripple-server/server/server.go:33.25,36.2 2 0
github.com/ripple-mq/ripple-server/server/exposed/proto/bootstrap_service.pb.go:32.35,37.2 4 0
github.com/ripple-mq/ripple-server/server/exposed/proto/bootstrap_service.pb.go:39.43,41.2 1 0
github.com/ripple-mq/ripple-server/server/exposed/proto/bootstrap_service.pb.go:43.41,43.42 0 0
github.com/ripple-mq/ripple-server/server/exposed/proto/bootstrap_service.pb.go:45.63,47.14 2 0
github.com/ripple-mq/ripple-server/server/exposed/proto/bootstrap_service.pb.go:47.14,49.34 2 0
github.com/ripple-mq/ripple-server/server/exposed/proto/bootstrap_service.pb.go:49.34,51.4 1 0
github.com/ripple-mq/ripple-server/server/exposed/proto/bootstrap_service.pb.go:52.3,52.12 1 0
github.com/ripple-mq/ripple-server/server/exposed/proto/bootstrap_service.pb.go:54.2,54.24 1 0
github.com/ripple-mq/ripple-server/server/exposed/proto/bootstrap_service.pb.go:58.54,60.2 1 0
github.com/ripple-mq/ripple-server/server/exposed/proto/bootstrap_service.pb.go:62.45,63.14 1 0
github.com/ripple-mq/ripple-server/server/exposed/proto/bootstrap_service.pb.go:63.14,65.3 1 0
github.com/ripple-mq/ripple-server/server/exposed/proto/bootstrap_service.pb.go:66.2,66.11 1 0
github.com/ripple-mq/ripple-server/server/exposed/proto/bootstrap_service.pb.go:69.46,70.14 1 0
github.com/ripple-mq/ripple-server/server/exposed/proto/bootstrap_service.pb.go:70.14,72.3 1 0
github.com/ripple-mq/ripple-server/server/exposed/proto/bootstrap_service.pb.go:73.2,73.11 1 0
github.com/ripple-mq/ripple-server/server/exposed/proto/bootstrap_service.pb.go:83.36,88.2 4 0
github.com/ripple-mq/ripple-server/server/exposed/proto/bootstrap_service.pb.go:90.44,92.2 1 0
github.com/ripple-mq/ripple-server/server/exposed/proto/bootstrap_service.pb.go:94.42,94.43 0 0
github.com/ripple-mq/ripple-server/server/exposed/proto/bootstrap_service.pb.go:96.64,98.14 2 0
github.com/ripple-mq/ripple-server/server/exposed/proto/bootstrap_service.pb.go:98.14,100.34 2 0
github.com/ripple-mq/ripple-server/server/exposed/proto/bootstrap_service.pb.go:100.34,102.4 1 0
github.com/ripple-mq/ripple-server/server/exposed/proto/bootstrap_service.pb.go:103.3,103.12 1 0
github.com/ripple-mq/ripple-server/server/exposed/proto/bootstrap_service.pb.go:105.2,105.24 1 0
github.com/ripple-mq/ripple-server/server/exposed/proto/bootstrap_service.pb.go:109.55,111.2 1 0
github.com/ripple-mq/ripple-server/server/exposed/proto/bootstrap_service.pb.go:113.46,114.14 1 0
github.com/ripple-mq/ripple-server/server/exposed/proto/bootstrap_service.pb.go:114.14,116.3 1 0
github.com/ripple-mq/ripple-server/server/exposed/proto/bootstrap_service.pb.go:117.2,117.14 1 0
github.com/ripple-mq/ripple-server/server/exposed/proto/bootstrap_service.pb.go:128.44,133.2 4 0
github.com/ripple-mq/ripple-server/server/exposed/proto/bootstrap_service.pb.go:135.52,137.2 1 0
github.com/ripple-mq/ripple-server/server/exposed/proto/bootstrap_service.pb.go:139.50,139.51 0 0
github.com/ripple-mq/ripple-server/server/exposed/proto/bootstrap_service.pb.go:141.72,143.14 2 0
github.com/ripple-mq/ripple-server/server/exposed/proto/bootstrap_service.pb.go:143.14,145.34 2 0
github.com/ripple-mq/ripple-server/server/exposed/proto/bootstrap_service.pb.go:145.34,147.4 1 0
github.com/ripple-mq/ripple-server/server/exposed/proto/bootstrap_service.pb.go:148.3,148.12 1 0
github.com/ripple-mq/ripple-server/server/exposed/proto/bootstrap_service.pb.go:150.2,150.24 1 0
github.com/ripple-mq/ripple-server/server/exposed/proto/bootstrap_service.pb.go:154.63,156.2 1 0
github.com/ripple-mq/ripple-server/server/exposed/proto/bootstrap_service.pb.go:158.54,159.14 1 0
github.com/ripple-mq/ripple-server/server/exposed/proto/bootstrap_service.pb.go:159.14,161.3 1 0
github.com/ripple-mq/ripple-server/server/exposed/proto/bootstrap_service.pb.go:162.2,162.11 1 0
github.com/ripple-mq/ripple-server/server/exposed/proto/bootstrap_service.pb.go:165.55,166.14 1 0
github.com/ripple-mq/ripple-server/server/exposed/proto/bootstrap_service.pb.go:166.14,168.3 1 0
github.com/ripple-mq/ripple-server/server/exposed/proto/bootstrap_service.pb.go:169.2,169.11 1 0
github.com/ripple-mq/ripple-server/server/exposed/proto/bootstrap_service.pb.go:180.45,185.2 4 0
github.com/ripple-mq/ripple-server/server/exposed/proto/bootstrap_service.pb.go:187.53,189.2 1 0
github.com/ripple-mq/ripple-server/server/exposed/proto/bootstrap_service.pb.go:191.51,191.52 0 0
github.com/ripple-mq/ripple-server/server/exposed/proto/bootstrap_service.pb.go:193.73,195.14 2 0
github.com/ripple-mq/ripple-server/server/exposed/proto/bootstrap_service.pb.go:195.14,197.34 2 0
github.com/ripple-mq/ripple-server/server/exposed/proto/bootstrap_service.pb.go:197.34,199.4 1 0
github.com/ripple-mq/ripple-server/server/exposed/proto/bootstrap_service.pb.go:200.3,200.12 1 0
github.com/ripple-mq/ripple-server/server/exposed/proto/bootstrap_service.pb.go:202.2,202.24 1 0
github.com/ripple-mq/ripple-server/server/exposed/proto/bootstrap_service.pb.go:206.64,208.2 1 0
github.com/ripple-mq/ripple-server/server/exposed/proto/bootstrap_service.pb.go:210.57,211.14 1 0
github.com/ripple-mq/ripple-server/server/exposed/proto/bootstrap_service.pb.go:211.14,213.3 1 0
github.com/ripple-mq/ripple-server/server/exposed/proto/bootstrap_service.pb.go:214.2,214.11 1 0
github.com/ripple-mq/ripple-server/server/exposed/proto/bootstrap_service.pb.go:217.55,218.14 1 0
github.com/ripple-mq/ripple-server/server/exposed/proto/bootstrap_service.pb.go:218.14,220.3 1 0
github.com/ripple-mq/ripple-server/server/exposed/proto/bootstrap_service.pb.go:221.2,221.14 1 0
github.com/ripple-mq/ripple-server/server/exposed/proto/bootstrap_service.pb.go:232.45,237.2 4 0
github.com/ripple-mq/ripple-server/server/exposed/proto/bootstrap_service.pb.go:239.53,241.2 1 0
github.com/ripple-mq/ripple-server/server/exposed/proto/bootstrap_service.pb.go:243.51,243.52 0 0
github.com/ripple-mq/ripple-server/server/exposed/proto/bootstrap_service.pb.go:245.73,247.14 2 0
github.com/ripple-mq/ripple-server/server/exposed/proto/bootstrap_service.pb.go:247.14,249.34 2 0
github.com/ripple-mq/ripple-server/server/exposed/proto/bootstrap_service.pb.go:249.34,251.4 1 0
github.com/ripple-mq/ripple-server/server/exposed/proto/bootstrap_service.pb.go:252.3,252.12 1 0
github.com/ripple-mq/ripple-server/server/exposed/proto/bootstrap_service.pb.go:254.2,254.24 1 0
github.com/ripple-mq/ripple-server/server/exposed/proto/bootstrap_service.pb.go:258.64,260.2 1 0
github.com/ripple-mq/ripple-server/server/exposed/proto/bootstrap_service.pb.go:262.55,263.14 1 0
github.com/ripple-mq/ripple-server/server/exposed/proto/bootstrap_service.pb.go:263.14,265.3 1 0
github.com/ripple-mq/ripple-server/server/exposed/proto/bootstrap_service.pb.go:266.2,266.11 1 0
github.com/ripple-mq/ripple-server/server/exposed/proto/bootstrap_service.pb.go:269.56,270.14 1 0
github.com/ripple-mq/ripple-server/server/exposed/proto/bootstrap_service.pb.go:270.14,272.3 1 0
github.com/ripple-mq/ripple-server/server/exposed/proto/bootstrap_service.pb.go:273.2,273.11 1 0
github.com/ripple-mq/ripple-server/server/exposed/proto/bootstrap_service.pb.go:284.45,289.2 4 0
github.com/ripple-mq/ripple-server/server/exposed/proto/bootstrap_service.pb.go:291.53,293.2 1 0
github.com/ripple-mq/ripple-server/server/exposed/proto/bootstrap_service.pb.go:295.51,295.52 0 0
github.com/ripple-mq/ripple-server/server/exposed/proto/bootstrap_service.pb.go:297.73,299.14 2 0
github.com/ripple-mq/ripple-server/server/exposed/proto/bootstrap_service.pb.go:299.14,301.34 2 0
github.com/ripple-mq/ripple-server/server/exposed/proto/bootstrap_service.pb.go:301.34,303.4 1 0
github.com/ripple-mq/ripple-server/server/exposed/proto/bootstrap_service.pb.go:304.3,304.12 1 0
github.com/ripple-mq/ripple-server/server/exposed/proto/bootstrap_service.pb.go:306.2,306.24 1 0
github.com/ripple-mq/ripple-server/server/exposed/proto/bootstrap_service.pb.go:310.64,312.2 1 0
github.com/ripple-mq/ripple-server/server/exposed/proto/bootstrap_service.pb.go:314.57,315.14 1 0
github.com/ripple-mq/ripple-server/server/exposed/proto/bootstrap_service.pb.go:315.14,317.3 1 0
github.com/ripple-mq/ripple-server/server/exposed/proto/bootstrap_service.pb.go:318.2,318.11 1 0
github.com/ripple-mq/ripple-server/server/exposed/proto/bootstrap_service.pb.go:321.55,322.14 1 0
github.com/ripple-mq/ripple-server/server/exposed/proto/bootstrap_service.pb.go:322.14,324.3 1 0
github.com/ripple-mq/ripple-server/server/exposed/proto/bootstrap_service.pb.go:325.2,325.14 1 0
github.com/ripple-mq/ripple-server/server/exposed/proto/bootstrap_service.pb.go:392.62,393.59 1 0
github.com/ripple-mq/ripple-server/server/exposed/proto/bootstrap_service.pb.go:393.59,395.3 1 0
github.com/ripple-mq/ripple-server/server/exposed/proto/bootstrap_service.pb.go:396.2,396.55 1 0
github.com/ripple-mq/ripple-server/server/exposed/proto/bootstrap_service.pb.go:422.13,422.58 1 0
github.com/ripple-mq/ripple-server/server/exposed/proto/bootstrap_service.pb.go:423.48,424.47 1 0
github.com/ripple-mq/ripple-server/server/exposed/proto/bootstrap_service.pb.go:424.47,426.3 1 0
github.com/ripple-mq/ripple-server/server/exposed/proto/bootstrap_service.pb.go:427.2,443.50 5 0
github.com/ripple-mq/ripple-server/server/exposed/proto/bootstrap_service_grpc.pb.go:40.82,42.2 1 0
github.com/ripple-mq/ripple-server/server/exposed/proto/bootstrap_service_grpc.pb.go:44.140,48.16 4 0
github.com/ripple-mq/ripple-server/server/exposed/proto/bootstrap_service_grpc.pb.go:48.16,50.3 1 0
github.com/ripple-mq/ripple-server/server/exposed/proto/bootstrap_service_grpc.pb.go:51.2,51.17 1 0
github.com/ripple-mq/ripple-server/server/exposed/proto/bootstrap_service_grpc.pb.go:54.167,58.16 4 0
github.com/ripple-mq/ripple-server/server/exposed/proto/bootstrap_service_grpc.pb.go:58.16,60.3 1 0
github.com/ripple-mq/ripple-server/server/exposed/proto/bootstrap_service_grpc.pb.go:61.2,61.17 1 0
github.com/ripple-mq/ripple-server/server/exposed/proto/bootstrap_service_grpc.pb.go:64.168,68.16 4 0
github.com/ripple-mq/ripple-server/server/exposed/proto/bootstrap_service_grpc.pb.go:68.16,70.3 1 0
github.com/ripple-mq/ripple-server/server/exposed/proto/bootstrap_service_grpc.pb.go:71.2,71.17 1 0
github.com/ripple-mq/ripple-server/server/exposed/proto/bootstrap_service_grpc.pb.go:91.118,93.2 1 0
github.com/ripple-mq/ripple-server/server/exposed/proto/bootstrap_service_grpc.pb.go:94.145,96.2 1 0
github.com/ripple-mq/ripple-server/server/exposed/proto/bootstrap_service_grpc.pb.go:97.146,99.2 1 0
github.com/ripple-mq/ripple-server/server/exposed/proto/bootstrap_service_grpc.pb.go:100.90,100.91 0 0
github.com/ripple-mq/ripple-server/server/exposed/proto/bootstrap_service_grpc.pb.go:101.90,101.91 0 0
github.com/ripple-mq/ripple-server/server/exposed/proto/bootstrap_service_grpc.pb.go:110.88,115.59 1 0
github.com/ripple-mq/ripple-server/server/exposed/proto/bootstrap_service_grpc.pb.go:115.59,117.3 1 0
github.com/ripple-mq/ripple-server/server/exposed/proto/bootstrap_service_grpc.pb.go:118.2,118.54 1 0
github.com/ripple-mq/ripple-server/server/exposed/proto/bootstrap_service_grpc.pb.go:121.173,123.32 2 0
github.com/ripple-mq/ripple-server/server/exposed/proto/bootstrap_service_grpc.pb.go:123.32,125.3 1 0
github.com/ripple-mq/ripple-server/server/exposed/proto/bootstrap_service_grpc.pb.go:126.2,126.24 1 0
github.com/ripple-mq/ripple-server/server/exposed/proto/bootstrap_service_grpc.pb.go:126.24,128.3 1 0
github.com/ripple-mq/ripple-server/server/exposed/proto/bootstrap_service_grpc.pb.go:129.2,133.77 2 0
github.com/ripple-mq/ripple-server/server/exposed/proto/bootstrap_service_grpc.pb.go:133.77,135.3 1 0
github.com/ripple-mq/ripple-server/server/exposed/proto/bootstrap_service_grpc.pb.go:136.2,136.44 1 0
github.com/ripple-mq/ripple-server/server/exposed/proto/bootstrap_service_grpc.pb.go:139.182,141.32 2 0
github.com/ripple-mq/ripple-server/server/exposed/proto/bootstrap_service_grpc.pb.go:141.32,143.3 1 0
github.com/ripple-mq/ripple-server/server/exposed/proto/bootstrap_service_grpc.pb.go:144.2,144.24 1 0
github.com/ripple-mq/ripple-server/server/exposed/proto/bootstrap_service_grpc.pb.go:144.24,146.3 1 0
github.com/ripple-mq/ripple-server/server/exposed/proto/bootstrap_service_grpc.pb.go:147.2,151.77 2 0
github.com/ripple-mq/ripple-server/server/exposed/proto/bootstrap_service_grpc.pb.go:151.77,153.3 1 0
github.com/ripple-mq/ripple-server/server/exposed/proto/bootstrap_service_grpc.pb.go:154.2,154.44 1 0
github.com/ripple-mq/ripple-server/server/exposed/proto/bootstrap_service_grpc.pb.go:157.182,159.32 2 0
github.com/ripple-mq/ripple-server/server/exposed/proto/bootstrap_service_grpc.pb.go:159.32,161.3 1 0
github.com/ripple-mq/ripple-server/server/exposed/proto/bootstrap_service_grpc.pb.go:162.2,162.24 1 0
github.com/ripple-mq/ripple-server/server/exposed/proto/bootstrap_service_grpc.pb.go:162.24,164.3 1 0
github.com/ripple-mq/ripple-server/server/exposed/proto/bootstrap_service_grpc.pb.go:165.2,169.77 2 0
github.com/ripple-mq/ripple-server/server/exposed/proto/bootstrap_service_grpc.pb.go:169.77,171.3 1 0
github.com/ripple-mq/ripple-server/server/exposed/proto/bootstrap_service_grpc.pb.go:172.2,172.44 1 0
github.com/ripple-mq/ripple-server/server/internal/proto/internal_service.pb.go:32.35,37.2 4 0
github.com/ripple-mq/ripple-server/server/internal/proto/internal_service.pb.go:39.43,41.2 1 0
github.com/ripple-mq/ripple-server/server/internal/proto/internal_service.pb.go:43.41,43.42 0 0
github.com/ripple-mq/ripple-server/server/internal/proto/internal_service.pb.go:45.63,47.14 2 0
github.com/ripple-mq/ripple-server/server/internal/proto/internal_service.pb.go:47.14,49.34 2 0
github.com/ripple-mq/ripple-server/server/internal/proto/internal_service.pb.go:49.34,51.4 1 0
github.com/ripple-mq/ripple-server/server/internal/proto/internal_service.pb.go:52.3,52.12 1 0
github.com/ripple-mq/ripple-server/server/internal/proto/internal_service.pb.go:54.2,54.24 1 0
github.com/ripple-mq/ripple-server/server/internal/proto/internal_service.pb.go:58.54,60.2 1 0
github.com/ripple-mq/ripple-server/server/internal/proto/internal_service.pb.go:62.45,63.14 1 0
github.com/ripple-mq/ripple-server/server/internal/proto/internal_service.pb.go:63.14,65.3 1 0
github.com/ripple-mq/ripple-server/server/internal/proto/internal_service.pb.go:66.2,66.11 1 0
github.com/ripple-mq/ripple-server/server/internal/proto/internal_service.pb.go:69.46,70.14 1 0
github.com/ripple-mq/ripple-server/server/internal/proto/internal_service.pb.go:70.14,72.3 1 0
github.com/ripple-mq/ripple-server/server/internal/proto/internal_service.pb.go:73.2,73.11 1 0
github.com/ripple-mq/ripple-server/server/internal/proto/internal_service.pb.go:83.36,88.2 4 0
github.com/ripple-mq/ripple-server/server/internal/proto/internal_service.pb.go:90.44,92.2 1 0
github.com/ripple-mq/ripple-server/server/internal/proto/internal_service.pb.go:94.42,94.43 0 0
github.com/ripple-mq/ripple-server/server/internal/proto/internal_service.pb.go:96.64,98.14 2 0
github.com/ripple-mq/ripple-server/server/internal/proto/internal_service.pb.go:98.14,100.34 2 0
github.com/ripple-mq/ripple-server/server/internal/proto/internal_service.pb.go:100.34,102.4 1 0
github.com/ripple-mq/ripple-server/server/internal/proto/internal_service.pb.go:103.3,103.12 1 0
github.com/ripple-mq/ripple-server/server/internal/proto/internal_service.pb.go:105.2,105.24 1 0
github.com/ripple-mq/ripple-server/server/internal/proto/internal_service.pb.go:109.55,111.2 1 0
github.com/ripple-mq/ripple-server/server/internal/proto/internal_service.pb.go:113.46,114.14 1 0
github.com/ripple-mq/ripple-server/server/internal/proto/internal_service.pb.go:114.14,116.3 1 0
github.com/ripple-mq/ripple-server/server/internal/proto/internal_service.pb.go:117.2,117.14 1 0
github.com/ripple-mq/ripple-server/server/internal/proto/internal_service.pb.go:150.61,151.58 1 0
github.com/ripple-mq/ripple-server/server/internal/proto/internal_service.pb.go:151.58,153.3 1 0
github.com/ripple-mq/ripple-server/server/internal/proto/internal_service.pb.go:154.2,154.54 1 0
github.com/ripple-mq/ripple-server/server/internal/proto/internal_service.pb.go:172.13,172.57 1 0
github.com/ripple-mq/ripple-server/server/internal/proto/internal_service.pb.go:173.47,174.46 1 0
github.com/ripple-mq/ripple-server/server/internal/proto/internal_service.pb.go:174.46,176.3 1 0
github.com/ripple-mq/ripple-server/server/internal/proto/internal_service.pb.go:177.2,193.49 5 0
github.com/ripple-mq/ripple-server/server/internal/proto/internal_service_grpc.pb.go:36.82,38.2 1 0
github.com/ripple-mq/ripple-server/server/internal/proto/internal_service_grpc.pb.go:40.140,44.16 4 0
github.com/ripple-mq/ripple-server/server/internal/proto/internal_service_grpc.pb.go:44.16,46.3 1 0
github.com/ripple-mq/ripple-server/server/internal/proto/internal_service_grpc.pb.go:47.2,47.17 1 0
github.com/ripple-mq/ripple-server/server/internal/proto/internal_service_grpc.pb.go:65.118,67.2 1 0
github.com/ripple-mq/ripple-server/server/internal/proto/internal_service_grpc.pb.go:68.90,68.91 0 0
github.com/ripple-mq/ripple-server/server/internal/proto/internal_service_grpc.pb.go:69.90,69.91 0 0
github.com/ripple-mq/ripple-server/server/internal/proto/internal_service_grpc.pb.go:78.88,83.59 1 0
github.com/ripple-mq/ripple-server/server/internal/proto/internal_service_grpc.pb.go:83.59,85.3 1 0
github.com/ripple-mq/ripple-server/server/internal/proto/internal_service_grpc.pb.go:86.2,86.54 1 0
github.com/ripple-mq/ripple-server/server/internal/proto/internal_service_grpc.pb.go:89.173,91.32 2 0
github.com/ripple-mq/ripple-server/server/internal/proto/internal_service_grpc.pb.go:91.32,93.3 1 0
github.com/ripple-mq/ripple-server/server/internal/proto/internal_service_grpc.pb.go:94.2,94.24 1 0
github.com/ripple-mq/ripple-server/server/internal/proto/internal_service_grpc.pb.go:94.24,96.3 1 0
github.com/ripple-mq/ripple-server/server/internal/proto/internal_service_grpc.pb.go:97.2,101.77 2 0
github.com/ripple-mq/ripple-server/server/internal/proto/internal_service_grpc.pb.go:101.77,103.3 1 0
github.com/ripple-mq/ripple-server/server/internal/proto/internal_service_grpc.pb.go:104.2,104.44 1 0
github.com/ripple-mq/ripple-server/cmd/root.go:19.29,22.2 2 0
github.com/ripple-mq/ripple-server/cmd/root.go:24.16,31.16 5 0
github.com/ripple-mq/ripple-server/cmd/root.go:31.16,33.3 1 0
github.com/ripple-mq/ripple-server/cmd/root.go:35.2,39.48 4 0
github.com/ripple-mq/ripple-server/cmd/root.go:39.48,41.3 1 0
github.com/ripple-mq/ripple-server/cmd/root.go:43.2,52.9 4 0
github.com/ripple-mq/ripple-server/cmd/root.go:56.24,66.50 1 3
github.com/ripple-mq/ripple-server/cmd/root.go:66.50,69.3 2 1
github.com/ripple-mq/ripple-server/cmd/root.go:69.8,69.52 1 2
github.com/ripple-mq/ripple-server/cmd/root.go:69.52,73.3 2 1
github.com/ripple-mq/ripple-server/cmd/root.go:74.2,75.14 2 1
github.com/ripple-mq/ripple-server/cmd/root.go:78.25,90.15 2 3
github.com/ripple-mq/ripple-server/cmd/root.go:91.20,93.14 2 1
github.com/ripple-mq/ripple-server/cmd/root.go:95.15,97.14 2 1
github.com/ripple-mq/ripple-server/cmd/root.go:99.10,102.15 2 1
github.com/ripple-mq/ripple-server/internal/lighthouse/election.go:25.34,27.2 1 0
github.com/ripple-mq/ripple-server/internal/lighthouse/election.go:29.36,31.2 1 0
github.com/ripple-mq/ripple-server/internal/lighthouse/election.go:33.36,36.2 2 0
github.com/ripple-mq/ripple-server/internal/lighthouse/election.go:38.34,40.18 2 0
github.com/ripple-mq/ripple-server/internal/lighthouse/election.go:40.18,42.3 1 0
github.com/ripple-mq/ripple-server/internal/lighthouse/election.go:43.2,43.13 1 0
github.com/ripple-mq/ripple-server/internal/lighthouse/election.go:46.34,48.18 2 0
github.com/ripple-mq/ripple-server/internal/lighthouse/election.go:48.18,50.3 1 0
github.com/ripple-mq/ripple-server/internal/lighthouse/election.go:51.2,51.13 1 0
github.com/ripple-mq/ripple-server/internal/lighthouse/election.go:54.65,56.2 1 0
github.com/ripple-mq/ripple-server/internal/lighthouse/election.go:58.63,60.2 1 0
github.com/ripple-mq/ripple-server/internal/lighthouse/election.go:62.61,64.16 2 0
github.com/ripple-mq/ripple-server/internal/lighthouse/election.go:64.16,66.3 1 0
github.com/ripple-mq/ripple-server/internal/lighthouse/election.go:68.2,68.43 1 0
github.com/ripple-mq/ripple-server/internal/lighthouse/election.go:68.43,72.3 3 0
github.com/ripple-mq/ripple-server/internal/lighthouse/election.go:74.2,74.56 1 0
github.com/ripple-mq/ripple-server/internal/lighthouse/election.go:74.56,77.3 2 0
github.com/ripple-mq/ripple-server/internal/lighthouse/election.go:77.8,79.3 1 0
github.com/ripple-mq/ripple-server/internal/lighthouse/election.go:81.2,81.12 1 0
github.com/ripple-mq/ripple-server/internal/lighthouse/election.go:84.58,85.6 1 0
github.com/ripple-mq/ripple-server/internal/lighthouse/election.go:85.6,87.17 2 0
github.com/ripple-mq/ripple-server/internal/lighthouse/election.go:87.17,90.4 2 0
github.com/ripple-mq/ripple-server/internal/lighthouse/election.go:91.3,91.24 1 0
github.com/ripple-mq/ripple-server/internal/lighthouse/election.go:91.24,94.4 2 0
github.com/ripple-mq/ripple-server/internal/lighthouse/election.go:96.3,99.17 4 0
github.com/ripple-mq/ripple-server/internal/lighthouse/election.go:99.17,102.4 2 0
github.com/ripple-mq/ripple-server/internal/lighthouse/lighthouse.go:19.43,20.31 1 0
github.com/ripple-mq/ripple-server/internal/lighthouse/lighthouse.go:20.31,22.3 1 0
github.com/ripple-mq/ripple-server/internal/lighthouse/lighthouse.go:23.2,25.32 3 0
github.com/ripple-mq/ripple-server/internal/lighthouse/lighthouse.go:28.32,29.59 1 0
github.com/ripple-mq/ripple-server/internal/lighthouse/lighthouse.go:29.59,31.3 1 0
github.com/ripple-mq/ripple-server/internal/lighthouse/lighthouse.go:32.2,33.16 2 0
github.com/ripple-mq/ripple-server/internal/lighthouse/lighthouse.go:33.16,35.3 1 0
github.com/ripple-mq/ripple-server/internal/lighthouse/lighthouse.go:36.2,37.15 2 0
github.com/ripple-mq/ripple-server/internal/lighthouse/lighthouse.go:40.58,42.21 2 0
github.com/ripple-mq/ripple-server/internal/lighthouse/lighthouse.go:42.21,44.3 1 0
github.com/ripple-mq/ripple-server/internal/lighthouse/lighthouse.go:46.2,47.29 2 0
github.com/ripple-mq/ripple-server/internal/lighthouse/lighthouse.go:47.29,48.17 1 0
github.com/ripple-mq/ripple-server/internal/lighthouse/lighthouse.go:48.17,49.12 1 0
github.com/ripple-mq/ripple-server/internal/lighthouse/lighthouse.go:51.3,54.17 3 0
github.com/ripple-mq/ripple-server/internal/lighthouse/lighthouse.go:54.17,56.4 1 0
github.com/ripple-mq/ripple-server/internal/lighthouse/lighthouse.go:58.3,58.14 1 0
github.com/ripple-mq/ripple-server/internal/lighthouse/lighthouse.go:58.14,60.45 2 0
github.com/ripple-mq/ripple-server/internal/lighthouse/lighthouse.go:60.45,62.5 1 0
github.com/ripple-mq/ripple-server/internal/lighthouse/lighthouse.go:65.2,65.12 1 0
github.com/ripple-mq/ripple-server/internal/lighthouse/lighthouse.go:68.75,70.16 2 0
github.com/ripple-mq/ripple-server/internal/lighthouse/lighthouse.go:70.16,73.3 2 0
github.com/ripple-mq/ripple-server/internal/lighthouse/lighthouse.go:74.2,75.16 2 0
github.com/ripple-mq/ripple-server/internal/lighthouse/lighthouse.go:75.16,77.3 1 0
github.com/ripple-mq/ripple-server/internal/lighthouse/lighthouse.go:78.2,79.84 2 0
github.com/ripple-mq/ripple-server/internal/lighthouse/lighthouse.go:82.54,84.16 2 0
github.com/ripple-mq/ripple-server/internal/lighthouse/lighthouse.go:84.16,86.3 1 0
github.com/ripple-mq/ripple-server/internal/lighthouse/lighthouse.go:87.2,88.16 2 0
github.com/ripple-mq/ripple-server/internal/lighthouse/lighthouse.go:88.16,90.3 1 0
github.com/ripple-mq/ripple-server/internal/lighthouse/lighthouse.go:91.2,91.18 1 0
github.com/ripple-mq/ripple-server/internal/lighthouse/lighthouse.go:94.58,96.16 2 0
github.com/ripple-mq/ripple-server/internal/lighthouse/lighthouse.go:96.16,98.3 1 0
github.com/ripple-mq/ripple-server/internal/lighthouse/lighthouse.go:100.2,101.16 2 0
github.com/ripple-mq/ripple-server/internal/lighthouse/lighthouse.go:101.16,103.3 1 0
github.com/ripple-mq/ripple-server/internal/lighthouse/utils/encoding.go:8.31,13.2 4 0
github.com/ripple-mq/ripple-server/pkg/utils/config/config.go:17.47,23.45 5 1
github.com/ripple-mq/ripple-server/pkg/utils/config/config.go:23.45,25.3 1 1
github.com/ripple-mq/ripple-server/pkg/utils/config/config.go:27.2,28.49 2 0
github.com/ripple-mq/ripple-server/pkg/utils/config/config.go:28.49,30.3 1 0
github.com/ripple-mq/ripple-server/pkg/utils/config/config.go:32.2,32.21 1 0
github.com/ripple-mq/ripple-server/internal/module.go:3.27,5.2 1 1
github.com/ripple-mq/ripple-server/internal/broker/broker.go:13.26,15.2 1 0
github.com/ripple-mq/ripple-server/internal/broker/broker.go:17.57,23.35 4 0
github.com/ripple-mq/ripple-server/internal/broker/broker.go:23.35,25.3 1 0
github.com/ripple-mq/ripple-server/internal/broker/broker.go:26.2,26.35 1 0
github.com/ripple-mq/ripple-server/internal/broker/broker.go:26.35,28.3 1 0
github.com/ripple-mq/ripple-server/internal/broker/queue/queue.go:9.34,13.2 1 0
github.com/ripple-mq/ripple-server/internal/broker/queue/queue.go:15.34,17.2 1 0
github.com/ripple-mq/ripple-server/internal/broker/queue/queue.go:19.53,21.2 1 0
github.com/ripple-mq/ripple-server/internal/broker/queue/server/consumer/core.go:14.56,15.12 1 0
github.com/ripple-mq/ripple-server/internal/broker/queue/server/consumer/core.go:15.12,16.7 1 0
github.com/ripple-mq/ripple-server/internal/broker/queue/server/consumer/core.go:16.7,19.18 3 0
github.com/ripple-mq/ripple-server/internal/broker/queue/server/consumer/core.go:19.18,20.13 1 0
github.com/ripple-mq/ripple-server/internal/broker/queue/server/consumer/core.go:22.4,22.44 1 0
github.com/ripple-mq/ripple-server/internal/broker/queue/server/consumer/core.go:28.81,34.6 5 0
github.com/ripple-mq/ripple-server/internal/broker/queue/server/consumer/core.go:34.6,36.25 2 0
github.com/ripple-mq/ripple-server/internal/broker/queue/server/consumer/core.go:36.25,37.12 1 0
github.com/ripple-mq/ripple-server/internal/broker/queue/server/consumer/core.go:39.3,39.73 1 0
github.com/ripple-mq/ripple-server/internal/broker/queue/server/consumer/core.go:39.73,41.4 1 0
github.com/ripple-mq/ripple-server/internal/broker/queue/server/consumer/core.go:42.3,42.26 1 0
github.com/ripple-mq/ripple-server/internal/broker/queue/server/consumer/core.go:46.52,49.16 3 0
github.com/ripple-mq/ripple-server/internal/broker/queue/server/consumer/core.go:49.16,51.3 1 0
github.com/ripple-mq/ripple-server/internal/broker/queue/server/consumer/core.go:52.2,53.22 2 0
github.com/ripple-mq/ripple-server/internal/broker/queue/server/consumer/core.go:56.34,59.2 2 0
github.com/ripple-mq/ripple-server/internal/broker/queue/server/consumer/core.go:61.49,63.2 1 0
github.com/ripple-mq/ripple-server/internal/broker/queue/server/consumer/server.go:25.91,27.16 2 0
github.com/ripple-mq/ripple-server/internal/broker/queue/server/consumer/server.go:27.16,29.3 1 0
github.com/ripple-mq/ripple-server/internal/broker/queue/server/consumer/server.go:31.2,35.8 1 0
github.com/ripple-mq/ripple-server/internal/broker/queue/server/consumer/server.go:38.44,42.2 3 0
github.com/ripple-mq/ripple-server/internal/broker/queue/server/consumer/server.go:44.36,45.40 1 0
github.com/ripple-mq/ripple-server/internal/broker/queue/server/consumer/server.go:45.40,47.3 1 0
github.com/ripple-mq/ripple-server/internal/broker/queue/server/producer/core.go:11.52,12.12 1 0
github.com/ripple-mq/ripple-server/internal/broker/queue/server/producer/core.go:12.12,13.7 1 0
github.com/ripple-mq/ripple-server/internal/broker/queue/server/producer/core.go:13.7,16.18 3 0
github.com/ripple-mq/ripple-server/internal/broker/queue/server/producer/core.go:16.18,18.5 1 0
github.com/ripple-mq/ripple-server/internal/broker/queue/server/producer/core.go:19.4,19.18 1 0
github.com/ripple-mq/ripple-server/internal/broker/queue/server/producer/core.go:24.53,27.16 3 0
github.com/ripple-mq/ripple-server/internal/broker/queue/server/producer/core.go:27.16,29.3 1 0
github.com/ripple-mq/ripple-server/internal/broker/queue/server/producer/core.go:30.2,30.61 1 0
github.com/ripple-mq/ripple-server/internal/broker/queue/server/producer/server.go:17.91,19.16 2 0
github.com/ripple-mq/ripple-server/internal/broker/queue/server/producer/server.go:19.16,21.3 1 0
github.com/ripple-mq/ripple-server/internal/broker/queue/server/producer/server.go:23.2,27.8 1 0
github.com/ripple-mq/ripple-server/internal/broker/queue/server/producer/server.go:30.44,34.2 3 0
github.com/ripple-mq/ripple-server/internal/broker/queue/server/producer/server.go:36.36,37.40 1 0
github.com/ripple-mq/ripple-server/internal/broker/queue/server/producer/server.go:37.40,39.3 1 0
github.com/ripple-mq/ripple-server/internal/lighthouse/election.go:25.34,27.2 1 0
github.com/ripple-mq/ripple-server/internal/lighthouse/election.go:29.36,31.2 1 0
github.com/ripple-mq/ripple-server/internal/lighthouse/election.go:33.36,36.2 2 0
github.com/ripple-mq/ripple-server/internal/lighthouse/election.go:38.34,40.18 2 0
github.com/ripple-mq/ripple-server/internal/lighthouse/election.go:40.18,42.3 1 0
github.com/ripple-mq/ripple-server/internal/lighthouse/election.go:43.2,43.13 1 0
github.com/ripple-mq/ripple-server/internal/lighthouse/election.go:46.34,48.18 2 0
github.com/ripple-mq/ripple-server/internal/lighthouse/election.go:48.18,50.3 1 0
github.com/ripple-mq/ripple-server/internal/lighthouse/election.go:51.2,51.13 1 0
github.com/ripple-mq/ripple-server/internal/lighthouse/election.go:54.65,56.2 1 0
github.com/ripple-mq/ripple-server/internal/lighthouse/election.go:58.63,60.2 1 0
github.com/ripple-mq/ripple-server/internal/lighthouse/election.go:62.61,64.16 2 0
github.com/ripple-mq/ripple-server/internal/lighthouse/election.go:64.16,66.3 1 0
github.com/ripple-mq/ripple-server/internal/lighthouse/election.go:68.2,68.43 1 0
github.com/ripple-mq/ripple-server/internal/lighthouse/election.go:68.43,72.3 3 0
github.com/ripple-mq/ripple-server/internal/lighthouse/election.go:74.2,74.56 1 0
github.com/ripple-mq/ripple-server/internal/lighthouse/election.go:74.56,77.3 2 0
github.com/ripple-mq/ripple-server/internal/lighthouse/election.go:77.8,79.3 1 0
github.com/ripple-mq/ripple-server/internal/lighthouse/election.go:81.2,81.12 1 0
github.com/ripple-mq/ripple-server/internal/lighthouse/election.go:84.58,85.6 1 0
github.com/ripple-mq/ripple-server/internal/lighthouse/election.go:85.6,87.17 2 0
github.com/ripple-mq/ripple-server/internal/lighthouse/election.go:87.17,90.4 2 0
github.com/ripple-mq/ripple-server/internal/lighthouse/election.go:91.3,91.24 1 0
github.com/ripple-mq/ripple-server/internal/lighthouse/election.go:91.24,94.4 2 0
github.com/ripple-mq/ripple-server/internal/lighthouse/election.go:96.3,99.17 4 0
github.com/ripple-mq/ripple-server/internal/lighthouse/election.go:99.17,102.4 2 0
github.com/ripple-mq/ripple-server/internal/lighthouse/lighthouse.go:19.43,20.31 1 0
github.com/ripple-mq/ripple-server/internal/lighthouse/lighthouse.go:20.31,22.3 1 0
github.com/ripple-mq/ripple-server/internal/lighthouse/lighthouse.go:23.2,25.32 3 0
github.com/ripple-mq/ripple-server/internal/lighthouse/lighthouse.go:28.32,29.59 1 0
github.com/ripple-mq/ripple-server/internal/lighthouse/lighthouse.go:29.59,31.3 1 0
github.com/ripple-mq/ripple-server/internal/lighthouse/lighthouse.go:32.2,33.16 2 0
github.com/ripple-mq/ripple-server/internal/lighthouse/lighthouse.go:33.16,35.3 1 0
github.com/ripple-mq/ripple-server/internal/lighthouse/lighthouse.go:36.2,37.15 2 0
github.com/ripple-mq/ripple-server/internal/lighthouse/lighthouse.go:40.58,42.21 2 0
github.com/ripple-mq/ripple-server/internal/lighthouse/lighthouse.go:42.21,44.3 1 0
github.com/ripple-mq/ripple-server/internal/lighthouse/lighthouse.go:46.2,47.29 2 0
github.com/ripple-mq/ripple-server/internal/lighthouse/lighthouse.go:47.29,48.17 1 0
github.com/ripple-mq/ripple-server/internal/lighthouse/lighthouse.go:48.17,49.12 1 0
github.com/ripple-mq/ripple-server/internal/lighthouse/lighthouse.go:51.3,54.17 3 0
github.com/ripple-mq/ripple-server/internal/lighthouse/lighthouse.go:54.17,56.4 1 0
github.com/ripple-mq/ripple-server/internal/lighthouse/lighthouse.go:58.3,58.14 1 0
github.com/ripple-mq/ripple-server/internal/lighthouse/lighthouse.go:58.14,60.45 2 0
github.com/ripple-mq/ripple-server/internal/lighthouse/lighthouse.go:60.45,62.5 1 0
github.com/ripple-mq/ripple-server/internal/lighthouse/lighthouse.go:65.2,65.12 1 0
github.com/ripple-mq/ripple-server/internal/lighthouse/lighthouse.go:68.75,70.16 2 0
github.com/ripple-mq/ripple-server/internal/lighthouse/lighthouse.go:70.16,73.3 2 0
github.com/ripple-mq/ripple-server/internal/lighthouse/lighthouse.go:74.2,75.16 2 0
github.com/ripple-mq/ripple-server/internal/lighthouse/lighthouse.go:75.16,77.3 1 0
github.com/ripple-mq/ripple-server/internal/lighthouse/lighthouse.go:78.2,79.84 2 0
github.com/ripple-mq/ripple-server/internal/lighthouse/lighthouse.go:82.54,84.16 2 0
github.com/ripple-mq/ripple-server/internal/lighthouse/lighthouse.go:84.16,86.3 1 0
github.com/ripple-mq/ripple-server/internal/lighthouse/lighthouse.go:87.2,88.16 2 0
github.com/ripple-mq/ripple-server/internal/lighthouse/lighthouse.go:88.16,90.3 1 0
github.com/ripple-mq/ripple-server/internal/lighthouse/lighthouse.go:91.2,91.18 1 0
github.com/ripple-mq/ripple-server/internal/lighthouse/lighthouse.go:94.58,96.16 2 0
github.com/ripple-mq/ripple-server/internal/lighthouse/lighthouse.go:96.16,98.3 1 0
github.com/ripple-mq/ripple-server/internal/lighthouse/lighthouse.go:100.2,101.16 2 0
github.com/ripple-mq/ripple-server/internal/lighthouse/lighthouse.go:101.16,103.3 1 0
github.com/ripple-mq/ripple-server/internal/lighthouse/utils/encoding.go:8.31,13.2 4 0
github.com/ripple-mq/ripple-server/pkg/p2p/encoder/default_encoder.go:13.61,17.2 3 0
github.com/ripple-mq/ripple-server/pkg/p2p/encoder/default_encoder.go:19.60,22.2 2 0
github.com/ripple-mq/ripple-server/pkg/p2p/peer/tcp_peer.go:9.41,11.2 1 0
github.com/ripple-mq/ripple-server/pkg/p2p/peer/tcp_peer.go:13.44,15.2 1 0
github.com/ripple-mq/ripple-server/pkg/p2p/peer/tcp_peer.go:17.33,19.2 1 0
github.com/ripple-mq/ripple-server/pkg/utils/collection/concurrent_list.go:13.52,17.2 1 0
github.com/ripple-mq/ripple-server/pkg/utils/collection/concurrent_list.go:19.55,22.26 3 0
github.com/ripple-mq/ripple-server/pkg/utils/collection/concurrent_list.go:22.26,25.3 2 0
github.com/ripple-mq/ripple-server/pkg/utils/collection/concurrent_list.go:26.2,26.27 1 0
github.com/ripple-mq/ripple-server/pkg/utils/collection/concurrent_list.go:29.59,32.26 3 0
github.com/ripple-mq/ripple-server/pkg/utils/collection/concurrent_list.go:32.26,34.3 1 0
github.com/ripple-mq/ripple-server/pkg/utils/collection/concurrent_list.go:35.2,36.12 2 0
github.com/ripple-mq/ripple-server/pkg/utils/collection/concurrent_list.go:39.45,43.2 3 0
github.com/ripple-mq/ripple-server/pkg/utils/collection/concurrent_list.go:45.40,49.2 3 0
github.com/ripple-mq/ripple-server/pkg/utils/collection/concurrent_list.go:51.59,56.18 5 0
github.com/ripple-mq/ripple-server/pkg/utils/collection/concurrent_list.go:56.18,58.3 1 0
github.com/ripple-mq/ripple-server/pkg/utils/collection/concurrent_list.go:59.2,60.13 2 0
github.com/ripple-mq/ripple-server/pkg/utils/collection/concurrent_map.go:13.67,18.2 1 0
github.com/ripple-mq/ripple-server/pkg/utils/collection/concurrent_map.go:20.53,23.29 3 0
github.com/ripple-mq/ripple-server/pkg/utils/collection/concurrent_map.go:23.29,26.3 2 0
github.com/ripple-mq/ripple-server/pkg/utils/collection/concurrent_map.go:27.2,27.23 1 0
github.com/ripple-mq/ripple-server/pkg/utils/collection/concurrent_map.go:30.51,34.2 3 0
github.com/ripple-mq/ripple-server/pkg/utils/collection/concurrent_map.go:36.56,39.29 3 0
github.com/ripple-mq/ripple-server/pkg/utils/collection/concurrent_map.go:39.29,42.3 2 0
github.com/ripple-mq/ripple-server/pkg/utils/collection/concurrent_map.go:43.2,45.17 3 0
github.com/ripple-mq/ripple-server/pkg/utils/collection/concurrent_map.go:48.44,52.25 4 0
github.com/ripple-mq/ripple-server/pkg/utils/collection/concurrent_map.go:52.25,54.3 1 0
github.com/ripple-mq/ripple-server/pkg/utils/collection/concurrent_map.go:55.2,55.16 1 0
github.com/ripple-mq/ripple-server/pkg/utils/collection/cooncurrent_value.go:12.61,17.2 1 0
github.com/ripple-mq/ripple-server/pkg/utils/collection/cooncurrent_value.go:19.38,23.2 3 0
github.com/ripple-mq/ripple-server/pkg/utils/collection/cooncurrent_value.go:25.43,29.2 3 0
github.com/ripple-mq/ripple-server/server/exposed/consume.go:9.133,11.2 1 0
github.com/ripple-mq/ripple-server/server/exposed/create.go:9.105,11.2 1 0
github.com/ripple-mq/ripple-server/server/exposed/produce.go:9.132,11.2 1 0
github.com/ripple-mq/ripple-server/server/exposed/server.go:22.64,24.16 2 0
github.com/ripple-mq/ripple-server/server/exposed/server.go:24.16,26.3 1 0
github.com/ripple-mq/ripple-server/server/exposed/server.go:28.2,35.8 4 0
github.com/ripple-mq/ripple-server/server/exposed/server.go:38.42,39.12 1 0
github.com/ripple-mq/ripple-server/server/exposed/server.go:39.12,41.53 2 0
github.com/ripple-mq/ripple-server/server/exposed/server.go:41.53,43.4 1 0
github.com/ripple-mq/ripple-server/server/exposed/server.go:45.2,45.12 1 0
github.com/ripple-mq/ripple-server/server/exposed/server.go:48.34,50.2 1 0
github.com/ripple-mq/ripple-server/server/exposed/proto/bootstrap_service.pb.go:32.35,37.2 4 0
github.com/ripple-mq/ripple-server/server/exposed/proto/bootstrap_service.pb.go:39.43,41.2 1 0
github.com/ripple-mq/ripple-server/server/exposed/proto/bootstrap_service.pb.go:43.41,43.42 0 0
github.com/ripple-mq/ripple-server/server/exposed/proto/bootstrap_service.pb.go:45.63,47.14 2 0
github.com/ripple-mq/ripple-server/server/exposed/proto/bootstrap_service.pb.go:47.14,49.34 2 0
github.com/ripple-mq/ripple-server/server/exposed/proto/bootstrap_service.pb.go:49.34,51.4 1 0
github.com/ripple-mq/ripple-server/server/exposed/proto/bootstrap_service.pb.go:52.3,52.12 1 0
github.com/ripple-mq/ripple-server/server/exposed/proto/bootstrap_service.pb.go:54.2,54.24 1 0
github.com/ripple-mq/ripple-server/server/exposed/proto/bootstrap_service.pb.go:58.54,60.2 1 0
github.com/ripple-mq/ripple-server/server/exposed/proto/bootstrap_service.pb.go:62.45,63.14 1 0
github.com/ripple-mq/ripple-server/server/exposed/proto/bootstrap_service.pb.go:63.14,65.3 1 0
github.com/ripple-mq/ripple-server/server/exposed/proto/bootstrap_service.pb.go:66.2,66.11 1 0
github.com/ripple-mq/ripple-server/server/exposed/proto/bootstrap_service.pb.go:69.46,70.14 1 0
github.com/ripple-mq/ripple-server/server/exposed/proto/bootstrap_service.pb.go:70.14,72.3 1 0
github.com/ripple-mq/ripple-server/server/exposed/proto/bootstrap_service.pb.go:73.2,73.11 1 0
github.com/ripple-mq/ripple-server/server/exposed/proto/bootstrap_service.pb.go:83.36,88.2 4 0
github.com/ripple-mq/ripple-server/server/exposed/proto/bootstrap_service.pb.go:90.44,92.2 1 0
github.com/ripple-mq/ripple-server/server/exposed/proto/bootstrap_service.pb.go:94.42,94.43 0 0
github.com/ripple-mq/ripple-server/server/exposed/proto/bootstrap_service.pb.go:96.64,98.14 2 0
github.com/ripple-mq/ripple-server/server/exposed/proto/bootstrap_service.pb.go:98.14,100.34 2 0
github.com/ripple-mq/ripple-server/server/exposed/proto/bootstrap_service.pb.go:100.34,102.4 1 0
github.com/ripple-mq/ripple-server/server/exposed/proto/bootstrap_service.pb.go:103.3,103.12 1 0
github.com/ripple-mq/ripple-server/server/exposed/proto/bootstrap_service.pb.go:105.2,105.24 1 0
github.com/ripple-mq/ripple-server/server/exposed/proto/bootstrap_service.pb.go:109.55,111.2 1 0
github.com/ripple-mq/ripple-server/server/exposed/proto/bootstrap_service.pb.go:113.46,114.14 1 0
github.com/ripple-mq/ripple-server/server/exposed/proto/bootstrap_service.pb.go:114.14,116.3 1 0
github.com/ripple-mq/ripple-server/server/exposed/proto/bootstrap_service.pb.go:117.2,117.14 1 0
github.com/ripple-mq/ripple-server/server/exposed/proto/bootstrap_service.pb.go:128.44,133.2 4 0
github.com/ripple-mq/ripple-server/server/exposed/proto/bootstrap_service.pb.go:135.52,137.2 1 0
github.com/ripple-mq/ripple-server/server/exposed/proto/bootstrap_service.pb.go:139.50,139.51 0 0
github.com/ripple-mq/ripple-server/server/exposed/proto/bootstrap_service.pb.go:141.72,143.14 2 0
github.com/ripple-mq/ripple-server/server/exposed/proto/bootstrap_service.pb.go:143.14,145.34 2 0
github.com/ripple-mq/ripple-server/server/exposed/proto/bootstrap_service.pb.go:145.34,147.4 1 0
github.com/ripple-mq/ripple-server/server/exposed/proto/bootstrap_service.pb.go:148.3,148.12 1 0
github.com/ripple-mq/ripple-server/server/exposed/proto/bootstrap_service.pb.go:150.2,150.24 1 0
github.com/ripple-mq/ripple-server/server/exposed/proto/bootstrap_service.pb.go:154.63,156.2 1 0
github.com/ripple-mq/ripple-server/server/exposed/proto/bootstrap_service.pb.go:158.54,159.14 1 0
github.com/ripple-mq/ripple-server/server/exposed/proto/bootstrap_service.pb.go:159.14,161.3 1 0
github.com/ripple-mq/ripple-server/server/exposed/proto/bootstrap_service.pb.go:162.2,162.11 1 0
github.com/ripple-mq/ripple-server/server/exposed/proto/bootstrap_service.pb.go:165.55,166.14 1 0
github.com/ripple-mq/ripple-server/server/exposed/proto/bootstrap_service.pb.go:166.14,168.3 1 0
github.com/ripple-mq/ripple-server/server/exposed/proto/bootstrap_service.pb.go:169.2,169.11 1 0
github.com/ripple-mq/ripple-server/server/exposed/proto/bootstrap_service.pb.go:180.45,185.2 4 0
github.com/ripple-mq/ripple-server/server/exposed/proto/bootstrap_service.pb.go:187.53,189.2 1 0
github.com/ripple-mq/ripple-server/server/exposed/proto/bootstrap_service.pb.go:191.51,191.52 0 0
github.com/ripple-mq/ripple-server/server/exposed/proto/bootstrap_service.pb.go:193.73,195.14 2 0
github.com/ripple-mq/ripple-server/server/exposed/proto/bootstrap_service.pb.go:195.14,197.34 2 0
github.com/ripple-mq/ripple-server/server/exposed/proto/bootstrap_service.pb.go:197.34,199.4 1 0
github.com/ripple-mq/ripple-server/server/exposed/proto/bootstrap_service.pb.go:200.3,200.12 1 0
github.com/ripple-mq/ripple-server/server/exposed/proto/bootstrap_service.pb.go:202.2,202.24 1 0
github.com/ripple-mq/ripple-server/server/exposed/proto/bootstrap_service.pb.go:206.64,208.2 1 0
github.com/ripple-mq/ripple-server/server/exposed/proto/bootstrap_service.pb.go:210.57,211.14 1 0
github.com/ripple-mq/ripple-server/server/exposed/proto/bootstrap_service.pb.go:211.14,213.3 1 0
github.com/ripple-mq/ripple-server/server/exposed/proto/bootstrap_service.pb.go:214.2,214.11 1 0
github.com/ripple-mq/ripple-server/server/exposed/proto/bootstrap_service.pb.go:217.55,218.14 1 0
github.com/ripple-mq/ripple-server/server/exposed/proto/bootstrap_service.pb.go:218.14,220.3 1 0
github.com/ripple-mq/ripple-server/server/exposed/proto/bootstrap_service.pb.go:221.2,221.14 1 0
github.com/ripple-mq/ripple-server/server/exposed/proto/bootstrap_service.pb.go:232.45,237.2 4 0
github.com/ripple-mq/ripple-server/server/exposed/proto/bootstrap_service.pb.go:239.53,241.2 1 0
github.com/ripple-mq/ripple-server/server/exposed/proto/bootstrap_service.pb.go:243.51,243.52 0 0
github.com/ripple-mq/ripple-server/server/exposed/proto/bootstrap_service.pb.go:245.73,247.14 2 0
github.com/ripple-mq/ripple-server/server/exposed/proto/bootstrap_service.pb.go:247.14,249.34 2 0
github.com/ripple-mq/ripple-server/server/exposed/proto/bootstrap_service.pb.go:249.34,251.4 1 0
github.com/ripple-mq/ripple-server/server/exposed/proto/bootstrap_service.pb.go:252.3,252.12 1 0
github.com/ripple-mq/ripple-server/server/exposed/proto/bootstrap_service.pb.go:254.2,254.24 1 0
github.com/ripple-mq/ripple-server/server/exposed/proto/bootstrap_service.pb.go:258.64,260.2 1 0
github.com/ripple-mq/ripple-server/server/exposed/proto/bootstrap_service.pb.go:262.55,263.14 1 0
github.com/ripple-mq/ripple-server/server/exposed/proto/bootstrap_service.pb.go:263.14,265.3 1 0
github.com/ripple-mq/ripple-server/server/exposed/proto/bootstrap_service.pb.go:266.2,266.11 1 0
github.com/ripple-mq/ripple-server/server/exposed/proto/bootstrap_service.pb.go:269.56,270.14 1 0
github.com/ripple-mq/ripple-server/server/exposed/proto/bootstrap_service.pb.go:270.14,272.3 1 0
github.com/ripple-mq/ripple-server/server/exposed/proto/bootstrap_service.pb.go:273.2,273.11 1 0
github.com/ripple-mq/ripple-server/server/exposed/proto/bootstrap_service.pb.go:284.45,289.2 4 0
github.com/ripple-mq/ripple-server/server/exposed/proto/bootstrap_service.pb.go:291.53,293.2 1 0
github.com/ripple-mq/ripple-server/server/exposed/proto/bootstrap_service.pb.go:295.51,295.52 0 0
github.com/ripple-mq/ripple-server/server/exposed/proto/bootstrap_service.pb.go:297.73,299.14 2 0
github.com/ripple-mq/ripple-server/server/exposed/proto/bootstrap_service.pb.go:299.14,301.34 2 0
github.com/ripple-mq/ripple-server/server/exposed/proto/bootstrap_service.pb.go:301.34,303.4 1 0
github.com/ripple-mq/ripple-server/server/exposed/proto/bootstrap_service.pb.go:304.3,304.12 1 0
github.com/ripple-mq/ripple-server/server/exposed/proto/bootstrap_service.pb.go:306.2,306.24 1 0
github.com/ripple-mq/ripple-server/server/exposed/proto/bootstrap_service.pb.go:310.64,312.2 1 0
github.com/ripple-mq/ripple-server/server/exposed/proto/bootstrap_service.pb.go:314.57,315.14 1 0
github.com/ripple-mq/ripple-server/server/exposed/proto/bootstrap_service.pb.go:315.14,317.3 1 0
github.com/ripple-mq/ripple-server/server/exposed/proto/bootstrap_service.pb.go:318.2,318.11 1 0
github.com/ripple-mq/ripple-server/server/exposed/proto/bootstrap_service.pb.go:321.55,322.14 1 0
github.com/ripple-mq/ripple-server/server/exposed/proto/bootstrap_service.pb.go:322.14,324.3 1 0
github.com/ripple-mq/ripple-server/server/exposed/proto/bootstrap_service.pb.go:325.2,325.14 1 0
github.com/ripple-mq/ripple-server/server/exposed/proto/bootstrap_service.pb.go:392.62,393.59 1 0
github.com/ripple-mq/ripple-server/server/exposed/proto/bootstrap_service.pb.go:393.59,395.3 1 0
github.com/ripple-mq/ripple-server/server/exposed/proto/bootstrap_service.pb.go:396.2,396.55 1 0
github.com/ripple-mq/ripple-server/server/exposed/proto/bootstrap_service.pb.go:422.13,422.58 1 1
github.com/ripple-mq/ripple-server/server/exposed/proto/bootstrap_service.pb.go:423.48,424.47 1 1
github.com/ripple-mq/ripple-server/server/exposed/proto/bootstrap_service.pb.go:424.47,426.3 1 0
github.com/ripple-mq/ripple-server/server/exposed/proto/bootstrap_service.pb.go:427.2,443.50 5 1
github.com/ripple-mq/ripple-server/server/exposed/proto/bootstrap_service_grpc.pb.go:40.82,42.2 1 0
github.com/ripple-mq/ripple-server/server/exposed/proto/bootstrap_service_grpc.pb.go:44.140,48.16 4 0
github.com/ripple-mq/ripple-server/server/exposed/proto/bootstrap_service_grpc.pb.go:48.16,50.3 1 0
github.com/ripple-mq/ripple-server/server/exposed/proto/bootstrap_service_grpc.pb.go:51.2,51.17 1 0
github.com/ripple-mq/ripple-server/server/exposed/proto/bootstrap_service_grpc.pb.go:54.167,58.16 4 0
github.com/ripple-mq/ripple-server/server/exposed/proto/bootstrap_service_grpc.pb.go:58.16,60.3 1 0
github.com/ripple-mq/ripple-server/server/exposed/proto/bootstrap_service_grpc.pb.go:61.2,61.17 1 0
github.com/ripple-mq/ripple-server/server/exposed/proto/bootstrap_service_grpc.pb.go:64.168,68.16 4 0
github.com/ripple-mq/ripple-server/server/exposed/proto/bootstrap_service_grpc.pb.go:68.16,70.3 1 0
github.com/ripple-mq/ripple-server/server/exposed/proto/bootstrap_service_grpc.pb.go:71.2,71.17 1 0
github.com/ripple-mq/ripple-server/server/exposed/proto/bootstrap_service_grpc.pb.go:91.118,93.2 1 0
github.com/ripple-mq/ripple-server/server/exposed/proto/bootstrap_service_grpc.pb.go:94.145,96.2 1 0
github.com/ripple-mq/ripple-server/server/exposed/proto/bootstrap_service_grpc.pb.go:97.146,99.2 1 0
github.com/ripple-mq/ripple-server/server/exposed/proto/bootstrap_service_grpc.pb.go:100.90,100.91 0 0
github.com/ripple-mq/ripple-server/server/exposed/proto/bootstrap_service_grpc.pb.go:101.90,101.91 0 0
github.com/ripple-mq/ripple-server/server/exposed/proto/bootstrap_service_grpc.pb.go:110.88,115.59 1 0
github.com/ripple-mq/ripple-server/server/exposed/proto/bootstrap_service_grpc.pb.go:115.59,117.3 1 0
github.com/ripple-mq/ripple-server/server/exposed/proto/bootstrap_service_grpc.pb.go:118.2,118.54 1 0
github.com/ripple-mq/ripple-server/server/exposed/proto/bootstrap_service_grpc.pb.go:121.173,123.32 2 0
github.com/ripple-mq/ripple-server/server/exposed/proto/bootstrap_service_grpc.pb.go:123.32,125.3 1 0
github.com/ripple-mq/ripple-server/server/exposed/proto/bootstrap_service_grpc.pb.go:126.2,126.24 1 0
github.com/ripple-mq/ripple-server/server/exposed/proto/bootstrap_service_grpc.pb.go:126.24,128.3 1 0
github.com/ripple-mq/ripple-server/server/exposed/proto/bootstrap_service_grpc.pb.go:129.2,133.77 2 0
github.com/ripple-mq/ripple-server/server/exposed/proto/bootstrap_service_grpc.pb.go:133.77,135.3 1 0
github.com/ripple-mq/ripple-server/server/exposed/proto/bootstrap_service_grpc.pb.go:136.2,136.44 1 0
github.com/ripple-mq/ripple-server/server/exposed/proto/bootstrap_service_grpc.pb.go:139.182,141.32 2 0
github.com/ripple-mq/ripple-server/server/exposed/proto/bootstrap_service_grpc.pb.go:141.32,143.3 1 0
github.com/ripple-mq/ripple-server/server/exposed/proto/bootstrap_service_grpc.pb.go:144.2,144.24 1 0
github.com/ripple-mq/ripple-server/server/exposed/proto/bootstrap_service_grpc.pb.go:144.24,146.3 1 0
github.com/ripple-mq/ripple-server/server/exposed/proto/bootstrap_service_grpc.pb.go:147.2,151.77 2 0
github.com/ripple-mq/ripple-server/server/exposed/proto/bootstrap_service_grpc.pb.go:151.77,153.3 1 0
github.com/ripple-mq/ripple-server/server/exposed/proto/bootstrap_service_grpc.pb.go:154.2,154.44 1 0
github.com/ripple-mq/ripple-server/server/exposed/proto/bootstrap_service_grpc.pb.go:157.182,159.32 2 0
github.com/ripple-mq/ripple-server/server/exposed/proto/bootstrap_service_grpc.pb.go:159.32,161.3 1 0
github.com/ripple-mq/ripple-server/server/exposed/proto/bootstrap_service_grpc.pb.go:162.2,162.24 1 0
github.com/ripple-mq/ripple-server/server/exposed/proto/bootstrap_service_grpc.pb.go:162.24,164.3 1 0
github.com/ripple-mq/ripple-server/server/exposed/proto/bootstrap_service_grpc.pb.go:165.2,169.77 2 0
github.com/ripple-mq/ripple-server/server/exposed/proto/bootstrap_service_grpc.pb.go:169.77,171.3 1 0
github.com/ripple-mq/ripple-server/server/exposed/proto/bootstrap_service_grpc.pb.go:172.2,172.44 1 0
github.com/ripple-mq/ripple-server/internal/broker/queue/queue.go:9.34,13.2 1 0
github.com/ripple-mq/ripple-server/internal/broker/queue/queue.go:15.34,17.2 1 0
github.com/ripple-mq/ripple-server/internal/broker/queue/queue.go:19.53,21.2 1 0
github.com/ripple-mq/ripple-server/internal/broker/queue/server/consumer/core.go:14.56,15.12 1 0
github.com/ripple-mq/ripple-server/internal/broker/queue/server/consumer/core.go:15.12,16.7 1 0
github.com/ripple-mq/ripple-server/internal/broker/queue/server/consumer/core.go:16.7,19.18 3 0
github.com/ripple-mq/ripple-server/internal/broker/queue/server/consumer/core.go:19.18,20.13 1 0
github.com/ripple-mq/ripple-server/internal/broker/queue/server/consumer/core.go:22.4,22.44 1 0
github.com/ripple-mq/ripple-server/internal/broker/queue/server/consumer/core.go:28.81,34.6 5 0
github.com/ripple-mq/ripple-server/internal/broker/queue/server/consumer/core.go:34.6,36.25 2 0
github.com/ripple-mq/ripple-server/internal/broker/queue/server/consumer/core.go:36.25,37.12 1 0
github.com/ripple-mq/ripple-server/internal/broker/queue/server/consumer/core.go:39.3,39.73 1 0
github.com/ripple-mq/ripple-server/internal/broker/queue/server/consumer/core.go:39.73,41.4 1 0
github.com/ripple-mq/ripple-server/internal/broker/queue/server/consumer/core.go:42.3,42.26 1 0
github.com/ripple-mq/ripple-server/internal/broker/queue/server/consumer/core.go:46.52,49.16 3 0
github.com/ripple-mq/ripple-server/internal/broker/queue/server/consumer/core.go:49.16,51.3 1 0
github.com/ripple-mq/ripple-server/internal/broker/queue/server/consumer/core.go:52.2,53.22 2 0
github.com/ripple-mq/ripple-server/internal/broker/queue/server/consumer/core.go:56.34,59.2 2 0
github.com/ripple-mq/ripple-server/internal/broker/queue/server/consumer/core.go:61.49,63.2 1 0
github.com/ripple-mq/ripple-server/internal/broker/queue/server/consumer/server.go:25.91,27.16 2 0
github.com/ripple-mq/ripple-server/internal/broker/queue/server/consumer/server.go:27.16,29.3 1 0
github.com/ripple-mq/ripple-server/internal/broker/queue/server/consumer/server.go:31.2,35.8 1 0
github.com/ripple-mq/ripple-server/internal/broker/queue/server/consumer/server.go:38.44,42.2 3 0
github.com/ripple-mq/ripple-server/internal/broker/queue/server/consumer/server.go:44.36,45.40 1 0
github.com/ripple-mq/ripple-server/internal/broker/queue/server/consumer/server.go:45.40,47.3 1 0
github.com/ripple-mq/ripple-server/internal/broker/queue/server/producer/core.go:11.52,12.12 1 0
github.com/ripple-mq/ripple-server/internal/broker/queue/server/producer/core.go:12.12,13.7 1 0
github.com/ripple-mq/ripple-server/internal/broker/queue/server/producer/core.go:13.7,16.18 3 0
github.com/ripple-mq/ripple-server/internal/broker/queue/server/producer/core.go:16.18,18.5 1 0
github.com/ripple-mq/ripple-server/internal/broker/queue/server/producer/core.go:19.4,19.18 1 0
github.com/ripple-mq/ripple-server/internal/broker/queue/server/producer/core.go:24.53,27.16 3 0
github.com/ripple-mq/ripple-server/internal/broker/queue/server/producer/core.go:27.16,29.3 1 0
github.com/ripple-mq/ripple-server/internal/broker/queue/server/producer/core.go:30.2,30.61 1 0
github.com/ripple-mq/ripple-server/internal/broker/queue/server/producer/server.go:17.91,19.16 2 0
github.com/ripple-mq/ripple-server/internal/broker/queue/server/producer/server.go:19.16,21.3 1 0
github.com/ripple-mq/ripple-server/internal/broker/queue/server/producer/server.go:23.2,27.8 1 0
github.com/ripple-mq/ripple-server/internal/broker/queue/server/producer/server.go:30.44,34.2 3 0
github.com/ripple-mq/ripple-server/internal/broker/queue/server/producer/server.go:36.36,37.40 1 0
github.com/ripple-mq/ripple-server/internal/broker/queue/server/producer/server.go:37.40,39.3 1 0
github.com/ripple-mq/ripple-server/internal/lighthouse/election.go:25.34,27.2 1 0
github.com/ripple-mq/ripple-server/internal/lighthouse/election.go:29.36,31.2 1 0
github.com/ripple-mq/ripple-server/internal/lighthouse/election.go:33.36,36.2 2 0
github.com/ripple-mq/ripple-server/internal/lighthouse/election.go:38.34,40.18 2 0
github.com/ripple-mq/ripple-server/internal/lighthouse/election.go:40.18,42.3 1 0
github.com/ripple-mq/ripple-server/internal/lighthouse/election.go:43.2,43.13 1 0
github.com/ripple-mq/ripple-server/internal/lighthouse/election.go:46.34,48.18 2 0
github.com/ripple-mq/ripple-server/internal/lighthouse/election.go:48.18,50.3 1 0
github.com/ripple-mq/ripple-server/internal/lighthouse/election.go:51.2,51.13 1 0
github.com/ripple-mq/ripple-server/internal/lighthouse/election.go:54.65,56.2 1 0
github.com/ripple-mq/ripple-server/internal/lighthouse/election.go:58.63,60.2 1 0
github.com/ripple-mq/ripple-server/internal/lighthouse/election.go:62.61,64.16 2 0
github.com/ripple-mq/ripple-server/internal/lighthouse/election.go:64.16,66.3 1 0
github.com/ripple-mq/ripple-server/internal/lighthouse/election.go:68.2,68.43 1 0
github.com/ripple-mq/ripple-server/internal/lighthouse/election.go:68.43,72.3 3 0
github.com/ripple-mq/ripple-server/internal/lighthouse/election.go:74.2,74.56 1 0
github.com/ripple-mq/ripple-server/internal/lighthouse/election.go:74.56,77.3 2 0
github.com/ripple-mq/ripple-server/internal/lighthouse/election.go:77.8,79.3 1 0
github.com/ripple-mq/ripple-server/internal/lighthouse/election.go:81.2,81.12 1 0
github.com/ripple-mq/ripple-server/internal/lighthouse/election.go:84.58,85.6 1 0
github.com/ripple-mq/ripple-server/internal/lighthouse/election.go:85.6,87.17 2 0
github.com/ripple-mq/ripple-server/internal/lighthouse/election.go:87.17,90.4 2 0
github.com/ripple-mq/ripple-server/internal/lighthouse/election.go:91.3,91.24 1 0
github.com/ripple-mq/ripple-server/internal/lighthouse/election.go:91.24,94.4 2 0
github.com/ripple-mq/ripple-server/internal/lighthouse/election.go:96.3,99.17 4 0
github.com/ripple-mq/ripple-server/internal/lighthouse/election.go:99.17,102.4 2 0
github.com/ripple-mq/ripple-server/internal/lighthouse/lighthouse.go:19.43,20.31 1 0
github.com/ripple-mq/ripple-server/internal/lighthouse/lighthouse.go:20.31,22.3 1 0
github.com/ripple-mq/ripple-server/internal/lighthouse/lighthouse.go:23.2,25.32 3 0
github.com/ripple-mq/ripple-server/internal/lighthouse/lighthouse.go:28.32,29.59 1 0
github.com/ripple-mq/ripple-server/internal/lighthouse/lighthouse.go:29.59,31.3 1 0
github.com/ripple-mq/ripple-server/internal/lighthouse/lighthouse.go:32.2,33.16 2 0
github.com/ripple-mq/ripple-server/internal/lighthouse/lighthouse.go:33.16,35.3 1 0
github.com/ripple-mq/ripple-server/internal/lighthouse/lighthouse.go:36.2,37.15 2 0
github.com/ripple-mq/ripple-server/internal/lighthouse/lighthouse.go:40.58,42.21 2 0
github.com/ripple-mq/ripple-server/internal/lighthouse/lighthouse.go:42.21,44.3 1 0
github.com/ripple-mq/ripple-server/internal/lighthouse/lighthouse.go:46.2,47.29 2 0
github.com/ripple-mq/ripple-server/internal/lighthouse/lighthouse.go:47.29,48.17 1 0
github.com/ripple-mq/ripple-server/internal/lighthouse/lighthouse.go:48.17,49.12 1 0
github.com/ripple-mq/ripple-server/internal/lighthouse/lighthouse.go:51.3,54.17 3 0
github.com/ripple-mq/ripple-server/internal/lighthouse/lighthouse.go:54.17,56.4 1 0
github.com/ripple-mq/ripple-server/internal/lighthouse/lighthouse.go:58.3,58.14 1 0
github.com/ripple-mq/ripple-server/internal/lighthouse/lighthouse.go:58.14,60.45 2 0
github.com/ripple-mq/ripple-server/internal/lighthouse/lighthouse.go:60.45,62.5 1 0
github.com/ripple-mq/ripple-server/internal/lighthouse/lighthouse.go:65.2,65.12 1 0
github.com/ripple-mq/ripple-server/internal/lighthouse/lighthouse.go:68.75,70.16 2 0
github.com/ripple-mq/ripple-server/internal/lighthouse/lighthouse.go:70.16,73.3 2 0
github.com/ripple-mq/ripple-server/internal/lighthouse/lighthouse.go:74.2,75.16 2 0
github.com/ripple-mq/ripple-server/internal/lighthouse/lighthouse.go:75.16,77.3 1 0
github.com/ripple-mq/ripple-server/internal/lighthouse/lighthouse.go:78.2,79.84 2 0
github.com/ripple-mq/ripple-server/internal/lighthouse/lighthouse.go:82.54,84.16 2 0
github.com/ripple-mq/ripple-server/internal/lighthouse/lighthouse.go:84.16,86.3 1 0
github.com/ripple-mq/ripple-server/internal/lighthouse/lighthouse.go:87.2,88.16 2 0
github.com/ripple-mq/ripple-server/internal/lighthouse/lighthouse.go:88.16,90.3 1 0
github.com/ripple-mq/ripple-server/internal/lighthouse/lighthouse.go:91.2,91.18 1 0
github.com/ripple-mq/ripple-server/internal/lighthouse/lighthouse.go:94.58,96.16 2 0
github.com/ripple-mq/ripple-server/internal/lighthouse/lighthouse.go:96.16,98.3 1 0
github.com/ripple-mq/ripple-server/internal/lighthouse/lighthouse.go:100.2,101.16 2 0
github.com/ripple-mq/ripple-server/internal/lighthouse/lighthouse.go:101.16,103.3 1 0
github.com/ripple-mq/ripple-server/internal/lighthouse/utils/encoding.go:8.31,13.2 4 0
github.com/ripple-mq/ripple-server/pkg/p2p/encoder/default_encoder.go:13.61,17.2 3 0
github.com/ripple-mq/ripple-server/pkg/p2p/encoder/default_encoder.go:19.60,22.2 2 0
github.com/ripple-mq/ripple-server/pkg/p2p/peer/tcp_peer.go:9.41,11.2 1 0
github.com/ripple-mq/ripple-server/pkg/p2p/peer/tcp_peer.go:13.44,15.2 1 0
github.com/ripple-mq/ripple-server/pkg/p2p/peer/tcp_peer.go:17.33,19.2 1 0
github.com/ripple-mq/ripple-server/pkg/utils/rand.go:13.29,16.2 2 0
github.com/ripple-mq/ripple-server/pkg/utils/collection/concurrent_list.go:13.52,17.2 1 0
github.com/ripple-mq/ripple-server/pkg/utils/collection/concurrent_list.go:19.55,22.26 3 0
github.com/ripple-mq/ripple-server/pkg/utils/collection/concurrent_list.go:22.26,25.3 2 0
github.com/ripple-mq/ripple-server/pkg/utils/collection/concurrent_list.go:26.2,26.27 1 0
github.com/ripple-mq/ripple-server/pkg/utils/collection/concurrent_list.go:29.59,32.26 3 0
github.com/ripple-mq/ripple-server/pkg/utils/collection/concurrent_list.go:32.26,34.3 1 0
github.com/ripple-mq/ripple-server/pkg/utils/collection/concurrent_list.go:35.2,36.12 2 0
github.com/ripple-mq/ripple-server/pkg/utils/collection/concurrent_list.go:39.45,43.2 3 0
github.com/ripple-mq/ripple-server/pkg/utils/collection/concurrent_list.go:45.40,49.2 3 0
github.com/ripple-mq/ripple-server/pkg/utils/collection/concurrent_list.go:51.59,56.18 5 0
github.com/ripple-mq/ripple-server/pkg/utils/collection/concurrent_list.go:56.18,58.3 1 0
github.com/ripple-mq/ripple-server/pkg/utils/collection/concurrent_list.go:59.2,60.13 2 0
github.com/ripple-mq/ripple-server/pkg/utils/collection/concurrent_map.go:13.67,18.2 1 0
github.com/ripple-mq/ripple-server/pkg/utils/collection/concurrent_map.go:20.53,23.29 3 0
github.com/ripple-mq/ripple-server/pkg/utils/collection/concurrent_map.go:23.29,26.3 2 0
github.com/ripple-mq/ripple-server/pkg/utils/collection/concurrent_map.go:27.2,27.23 1 0
github.com/ripple-mq/ripple-server/pkg/utils/collection/concurrent_map.go:30.51,34.2 3 0
github.com/ripple-mq/ripple-server/pkg/utils/collection/concurrent_map.go:36.56,39.29 3 0
github.com/ripple-mq/ripple-server/pkg/utils/collection/concurrent_map.go:39.29,42.3 2 0
github.com/ripple-mq/ripple-server/pkg/utils/collection/concurrent_map.go:43.2,45.17 3 0
github.com/ripple-mq/ripple-server/pkg/utils/collection/concurrent_map.go:48.44,52.25 4 0
github.com/ripple-mq/ripple-server/pkg/utils/collection/concurrent_map.go:52.25,54.3 1 0
github.com/ripple-mq/ripple-server/pkg/utils/collection/concurrent_map.go:55.2,55.16 1 0
github.com/ripple-mq/ripple-server/pkg/utils/collection/cooncurrent_value.go:12.61,17.2 1 0
github.com/ripple-mq/ripple-server/pkg/utils/collection/cooncurrent_value.go:19.38,23.2 3 0
github.com/ripple-mq/ripple-server/pkg/utils/collection/cooncurrent_value.go:25.43,29.2 3 0
github.com/ripple-mq/ripple-server/server/internal/create.go:17.106,26.2 5 0
github.com/ripple-mq/ripple-server/server/internal/create.go:30.88,35.2 4 0
github.com/ripple-mq/ripple-server/server/internal/server.go:22.62,24.16 2 2
github.com/ripple-mq/ripple-server/server/internal/server.go:24.16,26.3 1 1
github.com/ripple-mq/ripple-server/server/internal/server.go:28.2,35.8 4 1
github.com/ripple-mq/ripple-server/server/internal/server.go:38.41,39.12 1 0
github.com/ripple-mq/ripple-server/server/internal/server.go:39.12,41.53 2 0
github.com/ripple-mq/ripple-server/server/internal/server.go:41.53,43.4 1 0
github.com/ripple-mq/ripple-server/server/internal/server.go:45.2,45.12 1 0
github.com/ripple-mq/ripple-server/server/internal/server.go:48.33,50.2 1 0
github.com/ripple-mq/ripple-server/server/internal/proto/internal_service.pb.go:32.35,37.2 4 0
github.com/ripple-mq/ripple-server/server/internal/proto/internal_service.pb.go:39.43,41.2 1 0
github.com/ripple-mq/ripple-server/server/internal/proto/internal_service.pb.go:43.41,43.42 0 0
github.com/ripple-mq/ripple-server/server/internal/proto/internal_service.pb.go:45.63,47.14 2 0
github.com/ripple-mq/ripple-server/server/internal/proto/internal_service.pb.go:47.14,49.34 2 0
github.com/ripple-mq/ripple-server/server/internal/proto/internal_service.pb.go:49.34,51.4 1 0
github.com/ripple-mq/ripple-server/server/internal/proto/internal_service.pb.go:52.3,52.12 1 0
github.com/ripple-mq/ripple-server/server/internal/proto/internal_service.pb.go:54.2,54.24 1 0
github.com/ripple-mq/ripple-server/server/internal/proto/internal_service.pb.go:58.54,60.2 1 0
github.com/ripple-mq/ripple-server/server/internal/proto/internal_service.pb.go:62.45,63.14 1 0
github.com/ripple-mq/ripple-server/server/internal/proto/internal_service.pb.go:63.14,65.3 1 0
github.com/ripple-mq/ripple-server/server/internal/proto/internal_service.pb.go:66.2,66.11 1 0
github.com/ripple-mq/ripple-server/server/internal/proto/internal_service.pb.go:69.46,70.14 1 0
github.com/ripple-mq/ripple-server/server/internal/proto/internal_service.pb.go:70.14,72.3 1 0
github.com/ripple-mq/ripple-server/server/internal/proto/internal_service.pb.go:73.2,73.11 1 0
github.com/ripple-mq/ripple-server/server/internal/proto/internal_service.pb.go:83.36,88.2 4 0
github.com/ripple-mq/ripple-server/server/internal/proto/internal_service.pb.go:90.44,92.2 1 0
github.com/ripple-mq/ripple-server/server/internal/proto/internal_service.pb.go:94.42,94.43 0 0
github.com/ripple-mq/ripple-server/server/internal/proto/internal_service.pb.go:96.64,98.14 2 0
github.com/ripple-mq/ripple-server/server/internal/proto/internal_service.pb.go:98.14,100.34 2 0
github.com/ripple-mq/ripple-server/server/internal/proto/internal_service.pb.go:100.34,102.4 1 0
github.com/ripple-mq/ripple-server/server/internal/proto/internal_service.pb.go:103.3,103.12 1 0
github.com/ripple-mq/ripple-server/server/internal/proto/internal_service.pb.go:105.2,105.24 1 0
github.com/ripple-mq/ripple-server/server/internal/proto/internal_service.pb.go:109.55,111.2 1 0
github.com/ripple-mq/ripple-server/server/internal/proto/internal_service.pb.go:113.46,114.14 1 0
github.com/ripple-mq/ripple-server/server/internal/proto/internal_service.pb.go:114.14,116.3 1 0
github.com/ripple-mq/ripple-server/server/internal/proto/internal_service.pb.go:117.2,117.14 1 0
github.com/ripple-mq/ripple-server/server/internal/proto/internal_service.pb.go:150.61,151.58 1 0
github.com/ripple-mq/ripple-server/server/internal/proto/internal_service.pb.go:151.58,153.3 1 0
github.com/ripple-mq/ripple-server/server/internal/proto/internal_service.pb.go:154.2,154.54 1 0
github.com/ripple-mq/ripple-server/server/internal/proto/internal_service.pb.go:172.13,172.57 1 1
github.com/ripple-mq/ripple-server/server/internal/proto/internal_service.pb.go:173.47,174.46 1 1
github.com/ripple-mq/ripple-server/server/internal/proto/internal_service.pb.go:174.46,176.3 1 0
github.com/ripple-mq/ripple-server/server/internal/proto/internal_service.pb.go:177.2,193.49 5 1
github.com/ripple-mq/ripple-server/server/internal/proto/internal_service_grpc.pb.go:36.82,38.2 1 0
github.com/ripple-mq/ripple-server/server/internal/proto/internal_service_grpc.pb.go:40.140,44.16 4 0
github.com/ripple-mq/ripple-server/server/internal/proto/internal_service_grpc.pb.go:44.16,46.3 1 0
github.com/ripple-mq/ripple-server/server/internal/proto/internal_service_grpc.pb.go:47.2,47.17 1 0
github.com/ripple-mq/ripple-server/server/internal/proto/internal_service_grpc.pb.go:65.118,67.2 1 0
github.com/ripple-mq/ripple-server/server/internal/proto/internal_service_grpc.pb.go:68.90,68.91 0 0
github.com/ripple-mq/ripple-server/server/internal/proto/internal_service_grpc.pb.go:69.90,69.91 0 1
github.com/ripple-mq/ripple-server/server/internal/proto/internal_service_grpc.pb.go:78.88,83.59 1 1
github.com/ripple-mq/ripple-server/server/internal/proto/internal_service_grpc.pb.go:83.59,85.3 1 1
github.com/ripple-mq/ripple-server/server/internal/proto/internal_service_grpc.pb.go:86.2,86.54 1 1
github.com/ripple-mq/ripple-server/server/internal/proto/internal_service_grpc.pb.go:89.173,91.32 2 0
github.com/ripple-mq/ripple-server/server/internal/proto/internal_service_grpc.pb.go:91.32,93.3 1 0
github.com/ripple-mq/ripple-server/server/internal/proto/internal_service_grpc.pb.go:94.2,94.24 1 0
github.com/ripple-mq/ripple-server/server/internal/proto/internal_service_grpc.pb.go:94.24,96.3 1 0
github.com/ripple-mq/ripple-server/server/internal/proto/internal_service_grpc.pb.go:97.2,101.77 2 0
github.com/ripple-mq/ripple-server/server/internal/proto/internal_service_grpc.pb.go:101.77,103.3 1 0
github.com/ripple-mq/ripple-server/server/internal/proto/internal_service_grpc.pb.go:104.2,104.44 1 0
github.com/ripple-mq/ripple-server/pkg/p2p/encoder/default_encoder.go:13.61,17.2 3 6
github.com/ripple-mq/ripple-server/pkg/p2p/encoder/default_encoder.go:19.60,22.2 2 1
github.com/ripple-mq/ripple-server/pkg/p2p/peer/tcp_peer.go:9.41,11.2 1 2
github.com/ripple-mq/ripple-server/pkg/p2p/peer/tcp_peer.go:13.44,15.2 1 12
github.com/ripple-mq/ripple-server/pkg/p2p/peer/tcp_peer.go:17.33,19.2 1 2
github.com/ripple-mq/ripple-server/pkg/p2p/transport/tcp/client.go:13.69,15.16 2 3
github.com/ripple-mq/ripple-server/pkg/p2p/transport/tcp/client.go:15.16,17.3 1 0
github.com/ripple-mq/ripple-server/pkg/p2p/transport/tcp/client.go:18.2,18.28 1 3
github.com/ripple-mq/ripple-server/pkg/p2p/transport/tcp/client.go:18.28,20.3 1 3
github.com/ripple-mq/ripple-server/pkg/p2p/transport/tcp/client.go:21.2,22.12 2 3
github.com/ripple-mq/ripple-server/pkg/p2p/transport/tcp/client.go:25.57,34.16 7 6
github.com/ripple-mq/ripple-server/pkg/p2p/transport/tcp/client.go:34.16,36.3 1 0
github.com/ripple-mq/ripple-server/pkg/p2p/transport/tcp/client.go:37.2,38.16 2 6
github.com/ripple-mq/ripple-server/pkg/p2p/transport/tcp/client.go:38.16,40.3 1 0
github.com/ripple-mq/ripple-server/pkg/p2p/transport/tcp/client.go:43.58,45.21 2 3
github.com/ripple-mq/ripple-server/pkg/p2p/transport/tcp/client.go:45.21,47.3 1 0
github.com/ripple-mq/ripple-server/pkg/p2p/transport/tcp/client.go:48.2,49.16 2 3
github.com/ripple-mq/ripple-server/pkg/p2p/transport/tcp/client.go:49.16,51.3 1 0
github.com/ripple-mq/ripple-server/pkg/p2p/transport/tcp/client.go:53.2,55.35 2 3
github.com/ripple-mq/ripple-server/pkg/p2p/transport/tcp/connection.go:14.53,16.15 2 6
github.com/ripple-mq/ripple-server/pkg/p2p/transport/tcp/connection.go:16.15,18.17 2 1
github.com/ripple-mq/ripple-server/pkg/p2p/transport/tcp/connection.go:18.17,20.4 1 0
github.com/ripple-mq/ripple-server/pkg/p2p/transport/tcp/connection.go:21.3,21.61 1 1
github.com/ripple-mq/ripple-server/pkg/p2p/transport/tcp/connection.go:24.2,24.6 1 6
github.com/ripple-mq/ripple-server/pkg/p2p/transport/tcp/connection.go:24.6,30.20 4 23
github.com/ripple-mq/ripple-server/pkg/p2p/transport/tcp/connection.go:30.20,32.4 1 1
github.com/ripple-mq/ripple-server/pkg/p2p/transport/tcp/connection.go:34.3,37.24 3 18
github.com/ripple-mq/ripple-server/pkg/p2p/transport/tcp/connection.go:37.24,40.12 3 4
github.com/ripple-mq/ripple-server/pkg/p2p/transport/tcp/connection.go:43.3,44.94 2 14
github.com/ripple-mq/ripple-server/pkg/p2p/transport/tcp/connection.go:49.67,53.46 4 3
github.com/ripple-mq/ripple-server/pkg/p2p/transport/tcp/connection.go:53.46,55.3 1 0
github.com/ripple-mq/ripple-server/pkg/p2p/transport/tcp/connection.go:56.2,56.52 1 3
github.com/ripple-mq/ripple-server/pkg/p2p/transport/tcp/connection.go:59.60,65.2 5 6
github.com/ripple-mq/ripple-server/pkg/p2p/transport/tcp/connection.go:67.55,71.53 4 2
github.com/ripple-mq/ripple-server/pkg/p2p/transport/tcp/connection.go:71.53,74.3 2 2
github.com/ripple-mq/ripple-server/pkg/p2p/transport/tcp/connection.go:75.2,75.52 1 0
github.com/ripple-mq/ripple-server/pkg/p2p/transport/tcp/connection.go:78.54,79.34 1 5
github.com/ripple-mq/ripple-server/pkg/p2p/transport/tcp/connection.go:79.34,81.3 1 4
github.com/ripple-mq/ripple-server/pkg/p2p/transport/tcp/connection.go:82.2,82.13 1 1
github.com/ripple-mq/ripple-server/pkg/p2p/transport/tcp/server.go:10.38,11.15 1 4
github.com/ripple-mq/ripple-server/pkg/p2p/transport/tcp/server.go:11.15,14.3 2 1
github.com/ripple-mq/ripple-server/pkg/p2p/transport/tcp/server.go:16.2,17.6 2 4
github.com/ripple-mq/ripple-server/pkg/p2p/transport/tcp/server.go:17.6,20.36 2 7
github.com/ripple-mq/ripple-server/pkg/p2p/transport/tcp/server.go:20.36,22.4 1 1
github.com/ripple-mq/ripple-server/pkg/p2p/transport/tcp/server.go:23.3,23.17 1 3
github.com/ripple-mq/ripple-server/pkg/p2p/transport/tcp/server.go:23.17,25.4 1 0
github.com/ripple-mq/ripple-server/pkg/p2p/transport/tcp/server.go:27.3,28.30 2 3
github.com/ripple-mq/ripple-server/pkg/p2p/transport/tcp/transport.go:33.101,35.16 2 11
github.com/ripple-mq/ripple-server/pkg/p2p/transport/tcp/transport.go:35.16,37.3 1 3
github.com/ripple-mq/ripple-server/pkg/p2p/transport/tcp/transport.go:38.2,47.8 1 8
github.com/ripple-mq/ripple-server/pkg/p2p/transport/tcp/transport.go:51.36,54.16 3 4
github.com/ripple-mq/ripple-server/pkg/p2p/transport/tcp/transport.go:54.16,56.3 1 0
github.com/ripple-mq/ripple-server/pkg/p2p/transport/tcp/transport.go:57.2,59.12 3 4
github.com/ripple-mq/ripple-server/pkg/p2p/transport/tcp/transport.go:64.34,66.2 1 1
github.com/ripple-mq/ripple-server/pkg/p2p/transport/tcp/transport.go:69.69,71.2 1 3
github.com/ripple-mq/ripple-server/pkg/p2p/transport/tcp/transport.go:74.46,76.2 1 1
github.com/ripple-mq/ripple-server/pkg/p2p/transport/tcp/transport.go:79.82,82.16 3 2
github.com/ripple-mq/ripple-server/pkg/p2p/transport/tcp/transport.go:82.16,84.3 1 0
github.com/ripple-mq/ripple-server/pkg/p2p/transport/tcp/transport.go:85.2,85.29 1 1
